[15:33:13.409] Global cache location '/Users/aksidionkreimben/Library/Caches/typescript/4.1', safe file path '/users/aksidionkreimben/documents/repository/kreimben.com.nosync/node_modules/typescript/lib/typingsafelist.json', types map path /users/aksidionkreimben/documents/repository/kreimben.com.nosync/node_modules/typescript/lib/typesmap.json
[15:33:13.410] Processing cache location '/Users/aksidionkreimben/Library/Caches/typescript/4.1'
[15:33:13.410] Trying to find '/Users/aksidionkreimben/Library/Caches/typescript/4.1/package.json'...
[15:33:13.421] Loaded content of '/Users/aksidionkreimben/Library/Caches/typescript/4.1/package.json': {"private":true,"dependencies":{"types-registry":"^0.1.526"},"devDependencies":{"@types/abbrev":"^1.1.1","@types/accepts":"^1.3.5","@types/acorn":"^4.0.5","@types/ajv-errors":"^1.0.3","@types/ansi-styles":"^3.2.1","@types/anymatch":"^1.3.1","@types/are-we-there-yet":"^1.1.0","@types/argparse":"^2.0.5","@types/arr-diff":"^4.0.0","@types/arr-union":"^3.1.0","@types/array-unique":"^0.3.0","@types/assert":"^1.5.4","@types/atob":"^2.1.2","@types/autoprefixer":"^9.7.2","@types/babel__core":"^7.1.12","@types/babel__preset-env":"^7.9.1","@types/babel-code-frame":"^6.20.4","@types/babel-core":"^6.25.6","@types/babel-generator":"^6.25.3","@types/babel-plugin-syntax-jsx":"^6.18.0","@types/babel-template":"^6.25.2","@types/babel-traverse":"^6.25.5","@types/babel-types":"^7.0.9","@types/babylon":"^6.16.5","@types/balanced-match":"^1.0.1","@types/basic-auth":"^1.1.3","@types/big.js":"^6.0.2","@types/bindings":"^1.5.0","@types/bl":"^2.1.0","@types/bluebird":"^3.5.33","@types/bn.js":"^5.1.0","@types/body-parser":"^1.19.0","@types/brace-expansion":"^1.1.0","@types/braces":"^3.0.0","@types/brorand":"^1.0.30","@types/buffer-from":"^1.1.0","@types/buffer-xor":"^2.0.0","@types/bytes":"^3.1.0","@types/cacache":"^12.0.1","@types/cacheable-request":"^6.0.1","@types/call-bind":"^1.0.0","@types/camelcase-css":"^2.0.0","@types/caniuse-lite":"^1.0.0","@types/chownr":"^1.0.0","@types/ci-info":"^2.0.0","@types/cipher-base":"^1.0.0","@types/classnames":"^2.2.11","@types/clone-deep":"^4.0.1","@types/color":"^3.0.1","@types/color-convert":"^2.0.0","@types/color-name":"^1.1.1","@types/color-string":"^1.5.0","@types/commondir":"^1.0.0","@types/component-emitter":"^1.2.10","@types/compose-function":"^0.0.30","@types/compression":"^1.7.0","@types/concat-map":"^0.0.0","@types/concat-stream":"^1.6.0","@types/configstore":"^4.0.0","@types/content-disposition":"^0.5.3","@types/content-type":"^1.1.3","@types/convert-source-map":"^1.5.1","@types/cookie":"^0.4.0","@types/cookie-parser":"^1.4.2","@types/cookie-signature":"^1.0.3","@types/core-js":"^2.5.4","@types/cors":"^2.8.9","@types/create-hash":"^1.2.2","@types/create-hmac":"^1.1.0","@types/css":"^0.0.31","@types/css-to-react-native":"^3.0.0","@types/cssesc":"^3.0.0","@types/d":"^1.0.0","@types/debug":"^4.1.5","@types/decode-uri-component":"^0.2.0","@types/deep-extend":"^0.4.31","@types/define-properties":"^1.1.3","@types/defined":"^1.0.0","@types/depd":"^1.1.32","@types/destroy":"^1.0.0","@types/detective":"^5.1.1","@types/didyoumean":"^1.2.0","@types/diff":"^5.0.0","@types/diffie-hellman":"^5.0.0","@types/dir-glob":"^2.0.0","@types/domhandler":"^2.4.1","@types/duplexer3":"^0.1.0","@types/duplexify":"^3.6.0","@types/ee-first":"^1.1.0","@types/elliptic":"^6.4.12","@types/encodeurl":"^1.0.0","@types/end-of-stream":"^1.4.0","@types/enhanced-resolve":"^3.0.6","@types/escape-html":"^1.0.0","@types/eslint-scope":"^3.7.0","@types/esprima":"^4.0.2","@types/estraverse":"^5.1.0","@types/etag":"^1.8.0","@types/events":"^3.0.0","@types/express":"^4.17.11","@types/express-session":"^1.17.3","@types/extend":"^3.0.1","@types/finalhandler":"^1.1.0","@types/find-cache-dir":"^3.2.0","@types/flush-write-stream":"^1.0.0","@types/follow-redirects":"^1.13.0","@types/forwarded":"^0.1.0","@types/fresh":"^0.5.0","@types/from2":"^2.3.0","@types/fs-extra":"^9.0.6","@types/fs-readdir-recursive":"^1.0.0","@types/function-bind":"^1.1.6","@types/get-caller-file":"^1.0.0","@types/get-intrinsic":"^1.0.0","@types/get-value":"^3.0.1","@types/glob":"^7.1.3","@types/glob-base":"^0.3.0","@types/glob-parent":"^5.1.0","@types/glob-to-regexp":"^0.4.0","@types/got":"^9.6.11","@types/graceful-fs":"^4.1.4","@types/graphql-depth-limit":"^1.1.2","@types/has":"^1.0.0","@types/has-ansi":"^3.0.0","@types/has-symbols":"^1.0.0","@types/hast":"^2.3.1","@types/he":"^1.1.1","@types/hoist-non-react-statics":"^3.3.1","@types/html-void-elements":"^1.0.0","@types/http-cache-semantics":"^4.0.0","@types/http-errors":"^1.8.0","@types/icss-utils":"^4.1.0","@types/iferr":"^1.0.2","@types/imurmurhash":"^0.1.1","@types/inherits":"^0.0.30","@types/ini":"^1.3.30","@types/invariant":"^2.2.34","@types/is-alphanumerical":"^1.0.0","@types/is-buffer":"^2.0.0","@types/is-ci":"^2.0.0","@types/is-core-module":"^2.2.0","@types/is-dotfile":"^2.0.0","@types/is-finite":"^1.0.0","@types/is-glob":"^4.0.1","@types/is-number":"^7.0.1","@types/is-typedarray":"^1.0.0","@types/is-url":"^1.2.28","@types/is-windows":"^1.0.0","@types/isarray":"^2.0.0","@types/js-yaml":"^4.0.0","@types/jsesc":"^2.5.1","@types/json-buffer":"^3.0.0","@types/json-parse-better-errors":"^1.0.0","@types/json-schema-traverse":"^0.4.0","@types/json5":"^0.0.30","@types/jsonfile":"^6.0.0","@types/keyv":"^3.1.1","@types/kind-of":"^6.0.0","@types/line-column":"^1.0.0","@types/loader-runner":"^2.2.3","@types/loader-utils":"^2.0.1","@types/lodash":"^4.14.168","@types/lodash.camelcase":"^4.3.6","@types/lodash.sortby":"^4.7.6","@types/lodash.toarray":"^4.4.6","@types/lodash.uniq":"^4.5.6","@types/lru-cache":"^5.1.0","@types/markdown-escapes":"^1.0.0","@types/math-random":"^1.0.0","@types/mdast":"^3.0.3","@types/mdurl":"^1.0.2","@types/media-typer":"^1.1.0","@types/memory-fs":"^0.3.2","@types/merge-descriptors":"^1.0.1","@types/merge-stream":"^1.1.2","@types/merge2":"^1.3.0","@types/methods":"^1.1.1","@types/micromatch":"^4.0.1","@types/mime":"^2.0.3","@types/mime-db":"^1.43.0","@types/mime-types":"^2.1.0","@types/mini-css-extract-plugin":"^1.2.2","@types/minimalistic-assert":"^1.0.1","@types/minimatch":"^3.0.3","@types/minimist":"^1.2.1","@types/minipass":"^2.2.0","@types/mkdirp":"^1.0.1","@types/morgan":"^1.9.2","@types/move-concurrently":"^1.0.2","@types/ms":"^0.7.31","@types/ncp":"^2.0.4","@types/negotiator":"^0.6.1","@types/next-tick":"^1.0.0","@types/node-abi":"^2.10.0","@types/node-emoji":"^1.8.1","@types/node-fetch":"^2.5.8","@types/nodemon":"^1.19.0","@types/nopt":"^3.0.29","@types/normalize-path":"^3.0.0","@types/npmlog":"^4.1.2","@types/num2fraction":"^1.2.0","@types/number-is-nan":"^2.0.0","@types/object-assign":"^4.0.30","@types/object-hash":"^1.3.4","@types/object-keys":"^1.0.1","@types/object-path":"^0.11.0","@types/object.omit":"^3.0.0","@types/object.pick":"^1.3.0","@types/on-finished":"^2.3.1","@types/on-headers":"^1.0.0","@types/once":"^1.4.0","@types/os-homedir":"^1.0.0","@types/os-tmpdir":"^1.0.0","@types/pako":"^1.0.1","@types/parallel-transform":"^1.1.0","@types/parse-glob":"^3.0.29","@types/parse-json":"^4.0.0","@types/parse5":"^5.0.3","@types/parseurl":"^1.3.1","@types/pascalcase":"^1.0.0","@types/path-is-absolute":"^1.0.0","@types/path-parse":"^1.0.19","@types/pbkdf2":"^3.1.0","@types/picomatch":"^2.2.1","@types/pify":"^5.0.0","@types/platform":"^1.3.3","@types/postcss-import":"^12.0.0","@types/postcss-load-config":"^2.0.1","@types/postcss-modules-extract-imports":"^2.0.0","@types/postcss-modules-local-by-default":"^1.2.0","@types/postcss-modules-scope":"^1.1.0","@types/postcss-modules-values":"^3.0.0","@types/postcss-reporter":"^6.0.0","@types/postcss-safe-parser":"^4.0.0","@types/pretty-hrtime":"^1.0.0","@types/promise-inflight":"^1.0.0","@types/prop-types":"^15.7.3","@types/proxy-addr":"^2.0.0","@types/pump":"^1.1.0","@types/pumpify":"^1.4.1","@types/punycode":"^2.1.0","@types/qs":"^6.9.5","@types/ramda":"^0.27.34","@types/random-bytes":"^1.0.1","@types/randomatic":"^3.1.0","@types/randombytes":"^2.0.0","@types/range-parser":"^1.2.3","@types/rc":"^1.1.0","@types/react":"^17.0.0","@types/react-dom":"^17.0.0","@types/react-is":"^17.0.0","@types/readable-stream":"^2.3.9","@types/regenerator-runtime":"^0.13.0","@types/registry-auth-token":"^4.2.0","@types/repeat-element":"^1.1.0","@types/repeat-string":"^1.6.0","@types/repeating":"^3.0.0","@types/replace-ext":"^2.0.0","@types/require-directory":"^2.1.1","@types/resolve":"^1.17.1","@types/responselike":"^1.0.0","@types/rimraf":"^3.0.0","@types/ripemd160":"^2.0.0","@types/run-parallel":"^1.1.0","@types/safe-regex":"^1.1.2","@types/safer-buffer":"^2.1.0","@types/sass-loader":"^8.0.0","@types/scheduler":"^0.16.1","@types/semver":"^7.3.4","@types/send":"^0.14.6","@types/serialize-javascript":"^5.0.0","@types/serve-static":"^1.13.9","@types/set-value":"^2.0.0","@types/setimmediate":"^1.0.2","@types/sha.js":"^2.4.0","@types/shallowequal":"^1.1.1","@types/sharp":"^0.27.1","@types/shell-quote":"^1.7.0","@types/signal-exit":"^3.0.0","@types/source-list-map":"^0.1.2","@types/source-map-support":"^0.5.3","@types/sprintf":"^0.1.0","@types/sprintf-js":"^1.1.2","@types/ssri":"^7.1.0","@types/statuses":"^2.0.0","@types/stream-each":"^1.2.0","@types/stream-shift":"^1.0.0","@types/strict-uri-encode":"^2.0.0","@types/string-hash":"^1.1.1","@types/styled-components":"^5.1.7","@types/styled-jsx":"^2.2.8","@types/supports-color":"^7.2.0","@types/tapable":"^1.0.6","@types/tar-fs":"^2.0.0","@types/tar-stream":"^2.2.0","@types/terser-webpack-plugin":"^5.0.2","@types/theme-ui":"^0.3.7","@types/through2":"^2.0.36","@types/touch":"^3.1.1","@types/traverse":"^0.6.32","@types/trim":"^0.1.1","@types/tryghost__content-api":"^1.3.5","@types/type-is":"^1.6.3","@types/uid-safe":"^2.1.2","@types/uniq":"^0.0.27","@types/universalify":"^1.0.0","@types/update-notifier":"^5.0.0","@types/urix":"^0.1.0","@types/use-subscription":"^1.0.0","@types/user-home":"^2.0.0","@types/util-deprecate":"^1.0.0","@types/utils-merge":"^0.0.28","@types/v8flags":"^3.1.1","@types/valid-url":"^1.0.3","@types/vary":"^1.1.0","@types/vfile-location":"^2.0.5","@types/watchpack":"^1.1.5","@types/webidl-conversions":"^6.1.0","@types/webpack":"^4.41.26","@types/webpack-sources":"^2.1.0","@types/whatwg-url":"^8.0.0","@types/which-pm-runs":"^1.0.0","@types/wrap-ansi":"^3.0.0","@types/write-file-atomic":"^3.0.1","@types/xtend":"^4.0.3","@types/y18n":"^4.0.0","@types/yallist":"^3.0.1","@types/yargs":"^15.0.12","@types/yargs-parser":"^15.0.0","@types/zen-observable":"^0.8.1"}}
[15:33:13.421] Loaded content of '/Users/aksidionkreimben/Library/Caches/typescript/4.1/package-lock.json'
[15:33:13.437] Adding entry into typings cache: 'abbrev' => '/Users/aksidionkreimben/Library/Caches/typescript/4.1/node_modules/@types/abbrev/index.d.ts'
[15:33:13.444] Adding entry into typings cache: 'accepts' => '/Users/aksidionkreimben/Library/Caches/typescript/4.1/node_modules/@types/accepts/index.d.ts'
[15:33:13.449] Adding entry into typings cache: 'acorn' => '/Users/aksidionkreimben/Library/Caches/typescript/4.1/node_modules/acorn/dist/acorn.d.ts'
[15:33:13.452] Adding entry into typings cache: 'ajv-errors' => '/Users/aksidionkreimben/Library/Caches/typescript/4.1/node_modules/@types/ajv-errors/index.d.ts'
[15:33:13.460] Adding entry into typings cache: 'ansi-styles' => '/Users/aksidionkreimben/Library/Caches/typescript/4.1/node_modules/@types/ansi-styles/index.d.ts'
[15:33:13.469] Adding entry into typings cache: 'anymatch' => '/Users/aksidionkreimben/Library/Caches/typescript/4.1/node_modules/@types/anymatch/index.d.ts'
[15:33:13.472] Adding entry into typings cache: 'are-we-there-yet' => '/Users/aksidionkreimben/Library/Caches/typescript/4.1/node_modules/@types/are-we-there-yet/index.d.ts'
[15:33:13.475] Adding entry into typings cache: 'argparse' => '/Users/aksidionkreimben/Library/Caches/typescript/4.1/node_modules/@types/argparse/index.d.ts'
[15:33:13.484] Adding entry into typings cache: 'arr-diff' => '/Users/aksidionkreimben/Library/Caches/typescript/4.1/node_modules/@types/arr-diff/index.d.ts'
[15:33:13.490] Adding entry into typings cache: 'arr-union' => '/Users/aksidionkreimben/Library/Caches/typescript/4.1/node_modules/@types/arr-union/index.d.ts'
[15:33:13.496] Adding entry into typings cache: 'array-unique' => '/Users/aksidionkreimben/Library/Caches/typescript/4.1/node_modules/@types/array-unique/index.d.ts'
[15:33:13.500] Adding entry into typings cache: 'assert' => '/Users/aksidionkreimben/Library/Caches/typescript/4.1/node_modules/@types/assert/index.d.ts'
[15:33:13.506] Adding entry into typings cache: 'atob' => '/Users/aksidionkreimben/Library/Caches/typescript/4.1/node_modules/@types/atob/index.d.ts'
[15:33:13.509] Adding entry into typings cache: 'autoprefixer' => '/Users/aksidionkreimben/Library/Caches/typescript/4.1/node_modules/@types/autoprefixer/index.d.ts'
[15:33:13.512] Adding entry into typings cache: 'babel__core' => '/Users/aksidionkreimben/Library/Caches/typescript/4.1/node_modules/@types/babel__core/index.d.ts'
[15:33:13.514] Adding entry into typings cache: 'babel__preset-env' => '/Users/aksidionkreimben/Library/Caches/typescript/4.1/node_modules/@types/babel__preset-env/index.d.ts'
[15:33:13.517] Adding entry into typings cache: 'babel-code-frame' => '/Users/aksidionkreimben/Library/Caches/typescript/4.1/node_modules/@types/babel-code-frame/index.d.ts'
[15:33:13.519] Adding entry into typings cache: 'babel-core' => '/Users/aksidionkreimben/Library/Caches/typescript/4.1/node_modules/@types/babel-core/index.d.ts'
[15:33:13.521] Adding entry into typings cache: 'babel-generator' => '/Users/aksidionkreimben/Library/Caches/typescript/4.1/node_modules/@types/babel-generator/index.d.ts'
[15:33:13.527] Adding entry into typings cache: 'babel-plugin-syntax-jsx' => '/Users/aksidionkreimben/Library/Caches/typescript/4.1/node_modules/@types/babel-plugin-syntax-jsx/index.d.ts'
[15:33:13.529] Adding entry into typings cache: 'babel-template' => '/Users/aksidionkreimben/Library/Caches/typescript/4.1/node_modules/@types/babel-template/index.d.ts'
[15:33:13.532] Adding entry into typings cache: 'babel-traverse' => '/Users/aksidionkreimben/Library/Caches/typescript/4.1/node_modules/@types/babel-traverse/index.d.ts'
[15:33:13.536] Adding entry into typings cache: 'babel-types' => '/Users/aksidionkreimben/Library/Caches/typescript/4.1/node_modules/@types/babel-types/index.d.ts'
[15:33:13.538] Adding entry into typings cache: 'babylon' => '/Users/aksidionkreimben/Library/Caches/typescript/4.1/node_modules/@types/babylon/index.d.ts'
[15:33:13.540] Adding entry into typings cache: 'balanced-match' => '/Users/aksidionkreimben/Library/Caches/typescript/4.1/node_modules/@types/balanced-match/index.d.ts'
[15:33:13.543] Adding entry into typings cache: 'basic-auth' => '/Users/aksidionkreimben/Library/Caches/typescript/4.1/node_modules/@types/basic-auth/index.d.ts'
[15:33:13.546] Adding entry into typings cache: 'big.js' => '/Users/aksidionkreimben/Library/Caches/typescript/4.1/node_modules/@types/big.js/index.d.ts'
[15:33:13.553] Adding entry into typings cache: 'bindings' => '/Users/aksidionkreimben/Library/Caches/typescript/4.1/node_modules/@types/bindings/index.d.ts'
[15:33:13.555] Adding entry into typings cache: 'bl' => '/Users/aksidionkreimben/Library/Caches/typescript/4.1/node_modules/@types/bl/index.d.ts'
[15:33:13.557] Adding entry into typings cache: 'bluebird' => '/Users/aksidionkreimben/Library/Caches/typescript/4.1/node_modules/@types/bluebird/index.d.ts'
[15:33:13.559] Adding entry into typings cache: 'bn.js' => '/Users/aksidionkreimben/Library/Caches/typescript/4.1/node_modules/@types/bn.js/index.d.ts'
[15:33:13.562] Adding entry into typings cache: 'body-parser' => '/Users/aksidionkreimben/Library/Caches/typescript/4.1/node_modules/@types/body-parser/index.d.ts'
[15:33:13.564] Adding entry into typings cache: 'brace-expansion' => '/Users/aksidionkreimben/Library/Caches/typescript/4.1/node_modules/@types/brace-expansion/index.d.ts'
[15:33:13.573] Adding entry into typings cache: 'braces' => '/Users/aksidionkreimben/Library/Caches/typescript/4.1/node_modules/@types/braces/index.d.ts'
[15:33:13.576] Adding entry into typings cache: 'brorand' => '/Users/aksidionkreimben/Library/Caches/typescript/4.1/node_modules/@types/brorand/index.d.ts'
[15:33:13.580] Adding entry into typings cache: 'buffer-from' => '/Users/aksidionkreimben/Library/Caches/typescript/4.1/node_modules/@types/buffer-from/index.d.ts'
[15:33:13.582] Adding entry into typings cache: 'buffer-xor' => '/Users/aksidionkreimben/Library/Caches/typescript/4.1/node_modules/@types/buffer-xor/index.d.ts'
[15:33:13.585] Adding entry into typings cache: 'bytes' => '/Users/aksidionkreimben/Library/Caches/typescript/4.1/node_modules/@types/bytes/index.d.ts'
[15:33:13.588] Adding entry into typings cache: 'cacache' => '/Users/aksidionkreimben/Library/Caches/typescript/4.1/node_modules/@types/cacache/index.d.ts'
[15:33:13.590] Adding entry into typings cache: 'cacheable-request' => '/Users/aksidionkreimben/Library/Caches/typescript/4.1/node_modules/@types/cacheable-request/index.d.ts'
[15:33:13.593] Adding entry into typings cache: 'call-bind' => '/Users/aksidionkreimben/Library/Caches/typescript/4.1/node_modules/@types/call-bind/index.d.ts'
[15:33:13.596] Adding entry into typings cache: 'camelcase-css' => '/Users/aksidionkreimben/Library/Caches/typescript/4.1/node_modules/@types/camelcase-css/index.d.ts'
[15:33:13.601] Adding entry into typings cache: 'caniuse-lite' => '/Users/aksidionkreimben/Library/Caches/typescript/4.1/node_modules/@types/caniuse-lite/index.d.ts'
[15:33:13.604] Adding entry into typings cache: 'chownr' => '/Users/aksidionkreimben/Library/Caches/typescript/4.1/node_modules/@types/chownr/index.d.ts'
[15:33:13.606] Adding entry into typings cache: 'ci-info' => '/Users/aksidionkreimben/Library/Caches/typescript/4.1/node_modules/@types/ci-info/index.d.ts'
[15:33:13.609] Adding entry into typings cache: 'cipher-base' => '/Users/aksidionkreimben/Library/Caches/typescript/4.1/node_modules/@types/cipher-base/index.d.ts'
[15:33:13.611] Adding entry into typings cache: 'classnames' => '/Users/aksidionkreimben/Library/Caches/typescript/4.1/node_modules/@types/classnames/index.d.ts'
[15:33:13.613] Adding entry into typings cache: 'clone-deep' => '/Users/aksidionkreimben/Library/Caches/typescript/4.1/node_modules/@types/clone-deep/index.d.ts'
[15:33:13.615] Adding entry into typings cache: 'color' => '/Users/aksidionkreimben/Library/Caches/typescript/4.1/node_modules/@types/color/index.d.ts'
[15:33:13.620] Adding entry into typings cache: 'color-convert' => '/Users/aksidionkreimben/Library/Caches/typescript/4.1/node_modules/@types/color-convert/index.d.ts'
[15:33:13.625] Adding entry into typings cache: 'color-name' => '/Users/aksidionkreimben/Library/Caches/typescript/4.1/node_modules/@types/color-name/index.d.ts'
[15:33:13.629] Adding entry into typings cache: 'color-string' => '/Users/aksidionkreimben/Library/Caches/typescript/4.1/node_modules/@types/color-string/index.d.ts'
[15:33:13.632] Adding entry into typings cache: 'commondir' => '/Users/aksidionkreimben/Library/Caches/typescript/4.1/node_modules/@types/commondir/index.d.ts'
[15:33:13.636] Adding entry into typings cache: 'component-emitter' => '/Users/aksidionkreimben/Library/Caches/typescript/4.1/node_modules/@types/component-emitter/index.d.ts'
[15:33:13.639] Adding entry into typings cache: 'compose-function' => '/Users/aksidionkreimben/Library/Caches/typescript/4.1/node_modules/@types/compose-function/index.d.ts'
[15:33:13.641] Adding entry into typings cache: 'compression' => '/Users/aksidionkreimben/Library/Caches/typescript/4.1/node_modules/@types/compression/index.d.ts'
[15:33:13.645] Adding entry into typings cache: 'concat-map' => '/Users/aksidionkreimben/Library/Caches/typescript/4.1/node_modules/@types/concat-map/index.d.ts'
[15:33:13.647] Adding entry into typings cache: 'concat-stream' => '/Users/aksidionkreimben/Library/Caches/typescript/4.1/node_modules/@types/concat-stream/index.d.ts'
[15:33:13.649] Adding entry into typings cache: 'configstore' => '/Users/aksidionkreimben/Library/Caches/typescript/4.1/node_modules/@types/configstore/index.d.ts'
[15:33:13.652] Adding entry into typings cache: 'content-disposition' => '/Users/aksidionkreimben/Library/Caches/typescript/4.1/node_modules/@types/content-disposition/index.d.ts'
[15:33:13.654] Adding entry into typings cache: 'content-type' => '/Users/aksidionkreimben/Library/Caches/typescript/4.1/node_modules/@types/content-type/index.d.ts'
[15:33:13.658] Adding entry into typings cache: 'convert-source-map' => '/Users/aksidionkreimben/Library/Caches/typescript/4.1/node_modules/@types/convert-source-map/index.d.ts'
[15:33:13.660] Adding entry into typings cache: 'cookie' => '/Users/aksidionkreimben/Library/Caches/typescript/4.1/node_modules/@types/cookie/index.d.ts'
[15:33:13.662] Adding entry into typings cache: 'cookie-parser' => '/Users/aksidionkreimben/Library/Caches/typescript/4.1/node_modules/@types/cookie-parser/index.d.ts'
[15:33:13.665] Adding entry into typings cache: 'cookie-signature' => '/Users/aksidionkreimben/Library/Caches/typescript/4.1/node_modules/@types/cookie-signature/index.d.ts'
[15:33:13.667] Adding entry into typings cache: 'core-js' => '/Users/aksidionkreimben/Library/Caches/typescript/4.1/node_modules/@types/core-js/index.d.ts'
[15:33:13.669] Adding entry into typings cache: 'cors' => '/Users/aksidionkreimben/Library/Caches/typescript/4.1/node_modules/@types/cors/index.d.ts'
[15:33:13.671] Adding entry into typings cache: 'create-hash' => '/Users/aksidionkreimben/Library/Caches/typescript/4.1/node_modules/@types/create-hash/index.d.ts'
[15:33:13.673] Adding entry into typings cache: 'create-hmac' => '/Users/aksidionkreimben/Library/Caches/typescript/4.1/node_modules/@types/create-hmac/index.d.ts'
[15:33:13.675] Adding entry into typings cache: 'css' => '/Users/aksidionkreimben/Library/Caches/typescript/4.1/node_modules/@types/css/index.d.ts'
[15:33:13.678] Adding entry into typings cache: 'css-to-react-native' => '/Users/aksidionkreimben/Library/Caches/typescript/4.1/node_modules/@types/css-to-react-native/index.d.ts'
[15:33:13.680] Adding entry into typings cache: 'cssesc' => '/Users/aksidionkreimben/Library/Caches/typescript/4.1/node_modules/@types/cssesc/index.d.ts'
[15:33:13.682] Adding entry into typings cache: 'd' => '/Users/aksidionkreimben/Library/Caches/typescript/4.1/node_modules/@types/d/index.d.ts'
[15:33:13.687] Adding entry into typings cache: 'debug' => '/Users/aksidionkreimben/Library/Caches/typescript/4.1/node_modules/@types/debug/index.d.ts'
[15:33:13.691] Adding entry into typings cache: 'decode-uri-component' => '/Users/aksidionkreimben/Library/Caches/typescript/4.1/node_modules/@types/decode-uri-component/index.d.ts'
[15:33:13.693] Adding entry into typings cache: 'deep-extend' => '/Users/aksidionkreimben/Library/Caches/typescript/4.1/node_modules/@types/deep-extend/index.d.ts'
[15:33:13.695] Adding entry into typings cache: 'define-properties' => '/Users/aksidionkreimben/Library/Caches/typescript/4.1/node_modules/@types/define-properties/index.d.ts'
[15:33:13.696] Adding entry into typings cache: 'defined' => '/Users/aksidionkreimben/Library/Caches/typescript/4.1/node_modules/@types/defined/index.d.ts'
[15:33:13.698] Adding entry into typings cache: 'depd' => '/Users/aksidionkreimben/Library/Caches/typescript/4.1/node_modules/@types/depd/index.d.ts'
[15:33:13.699] Adding entry into typings cache: 'destroy' => '/Users/aksidionkreimben/Library/Caches/typescript/4.1/node_modules/@types/destroy/index.d.ts'
[15:33:13.701] Adding entry into typings cache: 'detective' => '/Users/aksidionkreimben/Library/Caches/typescript/4.1/node_modules/@types/detective/index.d.ts'
[15:33:13.703] Adding entry into typings cache: 'didyoumean' => '/Users/aksidionkreimben/Library/Caches/typescript/4.1/node_modules/@types/didyoumean/index.d.ts'
[15:33:13.706] Adding entry into typings cache: 'diff' => '/Users/aksidionkreimben/Library/Caches/typescript/4.1/node_modules/@types/diff/index.d.ts'
[15:33:13.708] Adding entry into typings cache: 'diffie-hellman' => '/Users/aksidionkreimben/Library/Caches/typescript/4.1/node_modules/@types/diffie-hellman/index.d.ts'
[15:33:13.711] Adding entry into typings cache: 'dir-glob' => '/Users/aksidionkreimben/Library/Caches/typescript/4.1/node_modules/@types/dir-glob/index.d.ts'
[15:33:13.714] Adding entry into typings cache: 'domhandler' => '/Users/aksidionkreimben/Library/Caches/typescript/4.1/node_modules/@types/domhandler/index.d.ts'
[15:33:13.716] Adding entry into typings cache: 'duplexer3' => '/Users/aksidionkreimben/Library/Caches/typescript/4.1/node_modules/@types/duplexer3/index.d.ts'
[15:33:13.717] Adding entry into typings cache: 'duplexify' => '/Users/aksidionkreimben/Library/Caches/typescript/4.1/node_modules/@types/duplexify/index.d.ts'
[15:33:13.719] Adding entry into typings cache: 'ee-first' => '/Users/aksidionkreimben/Library/Caches/typescript/4.1/node_modules/@types/ee-first/index.d.ts'
[15:33:13.720] Adding entry into typings cache: 'elliptic' => '/Users/aksidionkreimben/Library/Caches/typescript/4.1/node_modules/@types/elliptic/index.d.ts'
[15:33:13.722] Adding entry into typings cache: 'encodeurl' => '/Users/aksidionkreimben/Library/Caches/typescript/4.1/node_modules/@types/encodeurl/index.d.ts'
[15:33:13.724] Adding entry into typings cache: 'end-of-stream' => '/Users/aksidionkreimben/Library/Caches/typescript/4.1/node_modules/@types/end-of-stream/index.d.ts'
[15:33:13.728] Adding entry into typings cache: 'enhanced-resolve' => '/Users/aksidionkreimben/Library/Caches/typescript/4.1/node_modules/enhanced-resolve/types.d.ts'
[15:33:13.729] Adding entry into typings cache: 'escape-html' => '/Users/aksidionkreimben/Library/Caches/typescript/4.1/node_modules/@types/escape-html/index.d.ts'
[15:33:13.734] Adding entry into typings cache: 'eslint-scope' => '/Users/aksidionkreimben/Library/Caches/typescript/4.1/node_modules/@types/eslint-scope/index.d.ts'
[15:33:13.735] Adding entry into typings cache: 'esprima' => '/Users/aksidionkreimben/Library/Caches/typescript/4.1/node_modules/@types/esprima/index.d.ts'
[15:33:13.738] Adding entry into typings cache: 'estraverse' => '/Users/aksidionkreimben/Library/Caches/typescript/4.1/node_modules/@types/estraverse/index.d.ts'
[15:33:13.739] Adding entry into typings cache: 'etag' => '/Users/aksidionkreimben/Library/Caches/typescript/4.1/node_modules/@types/etag/index.d.ts'
[15:33:13.744] Adding entry into typings cache: 'events' => '/Users/aksidionkreimben/Library/Caches/typescript/4.1/node_modules/@types/events/index.d.ts'
[15:33:13.746] Adding entry into typings cache: 'express' => '/Users/aksidionkreimben/Library/Caches/typescript/4.1/node_modules/@types/express/index.d.ts'
[15:33:13.748] Adding entry into typings cache: 'express-session' => '/Users/aksidionkreimben/Library/Caches/typescript/4.1/node_modules/@types/express-session/index.d.ts'
[15:33:13.750] Adding entry into typings cache: 'extend' => '/Users/aksidionkreimben/Library/Caches/typescript/4.1/node_modules/@types/extend/index.d.ts'
[15:33:13.752] Adding entry into typings cache: 'finalhandler' => '/Users/aksidionkreimben/Library/Caches/typescript/4.1/node_modules/@types/finalhandler/index.d.ts'
[15:33:13.753] Adding entry into typings cache: 'find-cache-dir' => '/Users/aksidionkreimben/Library/Caches/typescript/4.1/node_modules/@types/find-cache-dir/index.d.ts'
[15:33:13.755] Adding entry into typings cache: 'flush-write-stream' => '/Users/aksidionkreimben/Library/Caches/typescript/4.1/node_modules/@types/flush-write-stream/index.d.ts'
[15:33:13.759] Adding entry into typings cache: 'follow-redirects' => '/Users/aksidionkreimben/Library/Caches/typescript/4.1/node_modules/@types/follow-redirects/index.d.ts'
[15:33:13.762] Adding entry into typings cache: 'forwarded' => '/Users/aksidionkreimben/Library/Caches/typescript/4.1/node_modules/@types/forwarded/index.d.ts'
[15:33:13.764] Adding entry into typings cache: 'fresh' => '/Users/aksidionkreimben/Library/Caches/typescript/4.1/node_modules/@types/fresh/index.d.ts'
[15:33:13.765] Adding entry into typings cache: 'from2' => '/Users/aksidionkreimben/Library/Caches/typescript/4.1/node_modules/@types/from2/index.d.ts'
[15:33:13.767] Adding entry into typings cache: 'fs-extra' => '/Users/aksidionkreimben/Library/Caches/typescript/4.1/node_modules/@types/fs-extra/index.d.ts'
[15:33:13.769] Adding entry into typings cache: 'fs-readdir-recursive' => '/Users/aksidionkreimben/Library/Caches/typescript/4.1/node_modules/@types/fs-readdir-recursive/index.d.ts'
[15:33:13.772] Adding entry into typings cache: 'function-bind' => '/Users/aksidionkreimben/Library/Caches/typescript/4.1/node_modules/@types/function-bind/index.d.ts'
[15:33:13.773] Adding entry into typings cache: 'get-caller-file' => '/Users/aksidionkreimben/Library/Caches/typescript/4.1/node_modules/@types/get-caller-file/index.d.ts'
[15:33:13.775] Adding entry into typings cache: 'get-intrinsic' => '/Users/aksidionkreimben/Library/Caches/typescript/4.1/node_modules/@types/get-intrinsic/index.d.ts'
[15:33:13.778] Adding entry into typings cache: 'get-value' => '/Users/aksidionkreimben/Library/Caches/typescript/4.1/node_modules/@types/get-value/index.d.ts'
[15:33:13.780] Adding entry into typings cache: 'glob' => '/Users/aksidionkreimben/Library/Caches/typescript/4.1/node_modules/@types/glob/index.d.ts'
[15:33:13.781] Adding entry into typings cache: 'glob-base' => '/Users/aksidionkreimben/Library/Caches/typescript/4.1/node_modules/@types/glob-base/index.d.ts'
[15:33:13.784] Adding entry into typings cache: 'glob-parent' => '/Users/aksidionkreimben/Library/Caches/typescript/4.1/node_modules/@types/glob-parent/index.d.ts'
[15:33:13.787] Adding entry into typings cache: 'glob-to-regexp' => '/Users/aksidionkreimben/Library/Caches/typescript/4.1/node_modules/@types/glob-to-regexp/index.d.ts'
[15:33:13.790] Adding entry into typings cache: 'got' => '/Users/aksidionkreimben/Library/Caches/typescript/4.1/node_modules/@types/got/index.d.ts'
[15:33:13.793] Adding entry into typings cache: 'graceful-fs' => '/Users/aksidionkreimben/Library/Caches/typescript/4.1/node_modules/@types/graceful-fs/index.d.ts'
[15:33:13.795] Adding entry into typings cache: 'graphql-depth-limit' => '/Users/aksidionkreimben/Library/Caches/typescript/4.1/node_modules/@types/graphql-depth-limit/index.d.ts'
[15:33:13.798] Adding entry into typings cache: 'has' => '/Users/aksidionkreimben/Library/Caches/typescript/4.1/node_modules/@types/has/index.d.ts'
[15:33:13.799] Adding entry into typings cache: 'has-ansi' => '/Users/aksidionkreimben/Library/Caches/typescript/4.1/node_modules/@types/has-ansi/index.d.ts'
[15:33:13.801] Adding entry into typings cache: 'has-symbols' => '/Users/aksidionkreimben/Library/Caches/typescript/4.1/node_modules/@types/has-symbols/index.d.ts'
[15:33:13.802] Adding entry into typings cache: 'hast' => '/Users/aksidionkreimben/Library/Caches/typescript/4.1/node_modules/@types/hast/index.d.ts'
[15:33:13.803] Adding entry into typings cache: 'he' => '/Users/aksidionkreimben/Library/Caches/typescript/4.1/node_modules/@types/he/index.d.ts'
[15:33:13.807] Adding entry into typings cache: 'hoist-non-react-statics' => '/Users/aksidionkreimben/Library/Caches/typescript/4.1/node_modules/@types/hoist-non-react-statics/index.d.ts'
[15:33:13.808] Adding entry into typings cache: 'html-void-elements' => '/Users/aksidionkreimben/Library/Caches/typescript/4.1/node_modules/@types/html-void-elements/index.d.ts'
[15:33:13.810] Adding entry into typings cache: 'http-cache-semantics' => '/Users/aksidionkreimben/Library/Caches/typescript/4.1/node_modules/@types/http-cache-semantics/index.d.ts'
[15:33:13.811] Adding entry into typings cache: 'http-errors' => '/Users/aksidionkreimben/Library/Caches/typescript/4.1/node_modules/@types/http-errors/index.d.ts'
[15:33:13.812] Adding entry into typings cache: 'icss-utils' => '/Users/aksidionkreimben/Library/Caches/typescript/4.1/node_modules/@types/icss-utils/index.d.ts'
[15:33:13.814] Adding entry into typings cache: 'iferr' => '/Users/aksidionkreimben/Library/Caches/typescript/4.1/node_modules/@types/iferr/index.d.ts'
[15:33:13.815] Adding entry into typings cache: 'imurmurhash' => '/Users/aksidionkreimben/Library/Caches/typescript/4.1/node_modules/@types/imurmurhash/index.d.ts'
[15:33:13.818] Adding entry into typings cache: 'inherits' => '/Users/aksidionkreimben/Library/Caches/typescript/4.1/node_modules/@types/inherits/index.d.ts'
[15:33:13.819] Adding entry into typings cache: 'ini' => '/Users/aksidionkreimben/Library/Caches/typescript/4.1/node_modules/@types/ini/index.d.ts'
[15:33:13.821] Adding entry into typings cache: 'invariant' => '/Users/aksidionkreimben/Library/Caches/typescript/4.1/node_modules/@types/invariant/index.d.ts'
[15:33:13.822] Adding entry into typings cache: 'is-alphanumerical' => '/Users/aksidionkreimben/Library/Caches/typescript/4.1/node_modules/@types/is-alphanumerical/index.d.ts'
[15:33:13.825] Adding entry into typings cache: 'is-buffer' => '/Users/aksidionkreimben/Library/Caches/typescript/4.1/node_modules/is-buffer/index.d.ts'
[15:33:13.827] Adding entry into typings cache: 'is-ci' => '/Users/aksidionkreimben/Library/Caches/typescript/4.1/node_modules/@types/is-ci/index.d.ts'
[15:33:13.829] Adding entry into typings cache: 'is-core-module' => '/Users/aksidionkreimben/Library/Caches/typescript/4.1/node_modules/@types/is-core-module/index.d.ts'
[15:33:13.831] Adding entry into typings cache: 'is-dotfile' => '/Users/aksidionkreimben/Library/Caches/typescript/4.1/node_modules/@types/is-dotfile/index.d.ts'
[15:33:13.832] Adding entry into typings cache: 'is-finite' => '/Users/aksidionkreimben/Library/Caches/typescript/4.1/node_modules/@types/is-finite/index.d.ts'
[15:33:13.836] Adding entry into typings cache: 'is-glob' => '/Users/aksidionkreimben/Library/Caches/typescript/4.1/node_modules/@types/is-glob/index.d.ts'
[15:33:13.839] Adding entry into typings cache: 'is-number' => '/Users/aksidionkreimben/Library/Caches/typescript/4.1/node_modules/@types/is-number/index.d.ts'
[15:33:13.840] Adding entry into typings cache: 'is-typedarray' => '/Users/aksidionkreimben/Library/Caches/typescript/4.1/node_modules/@types/is-typedarray/index.d.ts'
[15:33:13.842] Adding entry into typings cache: 'is-url' => '/Users/aksidionkreimben/Library/Caches/typescript/4.1/node_modules/@types/is-url/index.d.ts'
[15:33:13.844] Adding entry into typings cache: 'is-windows' => '/Users/aksidionkreimben/Library/Caches/typescript/4.1/node_modules/@types/is-windows/index.d.ts'
[15:33:13.847] Adding entry into typings cache: 'isarray' => '/Users/aksidionkreimben/Library/Caches/typescript/4.1/node_modules/@types/isarray/index.d.ts'
[15:33:13.848] Adding entry into typings cache: 'js-yaml' => '/Users/aksidionkreimben/Library/Caches/typescript/4.1/node_modules/@types/js-yaml/index.d.ts'
[15:33:13.849] Adding entry into typings cache: 'jsesc' => '/Users/aksidionkreimben/Library/Caches/typescript/4.1/node_modules/@types/jsesc/index.d.ts'
[15:33:13.850] Adding entry into typings cache: 'json-buffer' => '/Users/aksidionkreimben/Library/Caches/typescript/4.1/node_modules/@types/json-buffer/index.d.ts'
[15:33:13.853] Adding entry into typings cache: 'json-parse-better-errors' => '/Users/aksidionkreimben/Library/Caches/typescript/4.1/node_modules/@types/json-parse-better-errors/index.d.ts'
[15:33:13.857] Adding entry into typings cache: 'json-schema-traverse' => '/Users/aksidionkreimben/Library/Caches/typescript/4.1/node_modules/@types/json-schema-traverse/index.d.ts'
[15:33:13.858] Adding entry into typings cache: 'json5' => '/Users/aksidionkreimben/Library/Caches/typescript/4.1/node_modules/@types/json5/index.d.ts'
[15:33:13.860] Adding entry into typings cache: 'jsonfile' => '/Users/aksidionkreimben/Library/Caches/typescript/4.1/node_modules/@types/jsonfile/index.d.ts'
[15:33:13.861] Adding entry into typings cache: 'keyv' => '/Users/aksidionkreimben/Library/Caches/typescript/4.1/node_modules/@types/keyv/index.d.ts'
[15:33:13.864] Adding entry into typings cache: 'kind-of' => '/Users/aksidionkreimben/Library/Caches/typescript/4.1/node_modules/@types/kind-of/index.d.ts'
[15:33:13.866] Adding entry into typings cache: 'line-column' => '/Users/aksidionkreimben/Library/Caches/typescript/4.1/node_modules/@types/line-column/index.d.ts'
[15:33:13.869] Adding entry into typings cache: 'loader-runner' => '/Users/aksidionkreimben/Library/Caches/typescript/4.1/node_modules/@types/loader-runner/index.d.ts'
[15:33:13.870] Adding entry into typings cache: 'loader-utils' => '/Users/aksidionkreimben/Library/Caches/typescript/4.1/node_modules/@types/loader-utils/index.d.ts'
[15:33:13.876] Adding entry into typings cache: 'lodash' => '/Users/aksidionkreimben/Library/Caches/typescript/4.1/node_modules/@types/lodash/index.d.ts'
[15:33:13.878] Adding entry into typings cache: 'lodash.camelcase' => '/Users/aksidionkreimben/Library/Caches/typescript/4.1/node_modules/@types/lodash.camelcase/index.d.ts'
[15:33:13.880] Adding entry into typings cache: 'lodash.sortby' => '/Users/aksidionkreimben/Library/Caches/typescript/4.1/node_modules/@types/lodash.sortby/index.d.ts'
[15:33:13.881] Adding entry into typings cache: 'lodash.toarray' => '/Users/aksidionkreimben/Library/Caches/typescript/4.1/node_modules/@types/lodash.toarray/index.d.ts'
[15:33:13.883] Adding entry into typings cache: 'lodash.uniq' => '/Users/aksidionkreimben/Library/Caches/typescript/4.1/node_modules/@types/lodash.uniq/index.d.ts'
[15:33:13.885] Adding entry into typings cache: 'lru-cache' => '/Users/aksidionkreimben/Library/Caches/typescript/4.1/node_modules/@types/lru-cache/index.d.ts'
[15:33:13.886] Adding entry into typings cache: 'markdown-escapes' => '/Users/aksidionkreimben/Library/Caches/typescript/4.1/node_modules/@types/markdown-escapes/index.d.ts'
[15:33:13.889] Adding entry into typings cache: 'math-random' => '/Users/aksidionkreimben/Library/Caches/typescript/4.1/node_modules/@types/math-random/index.d.ts'
[15:33:13.891] Adding entry into typings cache: 'mdast' => '/Users/aksidionkreimben/Library/Caches/typescript/4.1/node_modules/@types/mdast/index.d.ts'
[15:33:13.892] Adding entry into typings cache: 'mdurl' => '/Users/aksidionkreimben/Library/Caches/typescript/4.1/node_modules/@types/mdurl/index.d.ts'
[15:33:13.894] Adding entry into typings cache: 'media-typer' => '/Users/aksidionkreimben/Library/Caches/typescript/4.1/node_modules/@types/media-typer/index.d.ts'
[15:33:13.895] Adding entry into typings cache: 'memory-fs' => '/Users/aksidionkreimben/Library/Caches/typescript/4.1/node_modules/@types/memory-fs/index.d.ts'
[15:33:13.896] Adding entry into typings cache: 'merge-descriptors' => '/Users/aksidionkreimben/Library/Caches/typescript/4.1/node_modules/@types/merge-descriptors/index.d.ts'
[15:33:13.899] Adding entry into typings cache: 'merge-stream' => '/Users/aksidionkreimben/Library/Caches/typescript/4.1/node_modules/@types/merge-stream/index.d.ts'
[15:33:13.900] Adding entry into typings cache: 'merge2' => '/Users/aksidionkreimben/Library/Caches/typescript/4.1/node_modules/@types/merge2/index.d.ts'
[15:33:13.901] Adding entry into typings cache: 'methods' => '/Users/aksidionkreimben/Library/Caches/typescript/4.1/node_modules/@types/methods/index.d.ts'
[15:33:13.904] Adding entry into typings cache: 'micromatch' => '/Users/aksidionkreimben/Library/Caches/typescript/4.1/node_modules/@types/micromatch/index.d.ts'
[15:33:13.906] Adding entry into typings cache: 'mime' => '/Users/aksidionkreimben/Library/Caches/typescript/4.1/node_modules/@types/mime/index.d.ts'
[15:33:13.909] Adding entry into typings cache: 'mime-db' => '/Users/aksidionkreimben/Library/Caches/typescript/4.1/node_modules/@types/mime-db/index.d.ts'
[15:33:13.910] Adding entry into typings cache: 'mime-types' => '/Users/aksidionkreimben/Library/Caches/typescript/4.1/node_modules/@types/mime-types/index.d.ts'
[15:33:13.911] Adding entry into typings cache: 'mini-css-extract-plugin' => '/Users/aksidionkreimben/Library/Caches/typescript/4.1/node_modules/@types/mini-css-extract-plugin/index.d.ts'
[15:33:13.912] Adding entry into typings cache: 'minimalistic-assert' => '/Users/aksidionkreimben/Library/Caches/typescript/4.1/node_modules/@types/minimalistic-assert/index.d.ts'
[15:33:13.914] Adding entry into typings cache: 'minimatch' => '/Users/aksidionkreimben/Library/Caches/typescript/4.1/node_modules/@types/minimatch/index.d.ts'
[15:33:13.915] Adding entry into typings cache: 'minimist' => '/Users/aksidionkreimben/Library/Caches/typescript/4.1/node_modules/@types/minimist/index.d.ts'
[15:33:13.916] Adding entry into typings cache: 'minipass' => '/Users/aksidionkreimben/Library/Caches/typescript/4.1/node_modules/@types/minipass/index.d.ts'
[15:33:13.918] Adding entry into typings cache: 'mkdirp' => '/Users/aksidionkreimben/Library/Caches/typescript/4.1/node_modules/@types/mkdirp/index.d.ts'
[15:33:13.919] Adding entry into typings cache: 'morgan' => '/Users/aksidionkreimben/Library/Caches/typescript/4.1/node_modules/@types/morgan/index.d.ts'
[15:33:13.921] Adding entry into typings cache: 'move-concurrently' => '/Users/aksidionkreimben/Library/Caches/typescript/4.1/node_modules/@types/move-concurrently/index.d.ts'
[15:33:13.923] Adding entry into typings cache: 'ms' => '/Users/aksidionkreimben/Library/Caches/typescript/4.1/node_modules/@types/ms/index.d.ts'
[15:33:13.924] Adding entry into typings cache: 'ncp' => '/Users/aksidionkreimben/Library/Caches/typescript/4.1/node_modules/@types/ncp/index.d.ts'
[15:33:13.926] Adding entry into typings cache: 'negotiator' => '/Users/aksidionkreimben/Library/Caches/typescript/4.1/node_modules/@types/negotiator/index.d.ts'
[15:33:13.927] Adding entry into typings cache: 'next-tick' => '/Users/aksidionkreimben/Library/Caches/typescript/4.1/node_modules/@types/next-tick/index.d.ts'
[15:33:13.928] Adding entry into typings cache: 'node-abi' => '/Users/aksidionkreimben/Library/Caches/typescript/4.1/node_modules/@types/node-abi/index.d.ts'
[15:33:13.931] Adding entry into typings cache: 'node-emoji' => '/Users/aksidionkreimben/Library/Caches/typescript/4.1/node_modules/@types/node-emoji/index.d.ts'
[15:33:13.932] Adding entry into typings cache: 'node-fetch' => '/Users/aksidionkreimben/Library/Caches/typescript/4.1/node_modules/@types/node-fetch/index.d.ts'
[15:33:13.933] Adding entry into typings cache: 'nodemon' => '/Users/aksidionkreimben/Library/Caches/typescript/4.1/node_modules/@types/nodemon/index.d.ts'
[15:33:13.934] Adding entry into typings cache: 'nopt' => '/Users/aksidionkreimben/Library/Caches/typescript/4.1/node_modules/@types/nopt/index.d.ts'
[15:33:13.937] Adding entry into typings cache: 'normalize-path' => '/Users/aksidionkreimben/Library/Caches/typescript/4.1/node_modules/@types/normalize-path/index.d.ts'
[15:33:13.939] Adding entry into typings cache: 'npmlog' => '/Users/aksidionkreimben/Library/Caches/typescript/4.1/node_modules/@types/npmlog/index.d.ts'
[15:33:13.940] Adding entry into typings cache: 'num2fraction' => '/Users/aksidionkreimben/Library/Caches/typescript/4.1/node_modules/@types/num2fraction/index.d.ts'
[15:33:13.941] Adding entry into typings cache: 'number-is-nan' => '/Users/aksidionkreimben/Library/Caches/typescript/4.1/node_modules/@types/number-is-nan/index.d.ts'
[15:33:13.942] Adding entry into typings cache: 'object-assign' => '/Users/aksidionkreimben/Library/Caches/typescript/4.1/node_modules/@types/object-assign/index.d.ts'
[15:33:13.944] Adding entry into typings cache: 'object-hash' => '/Users/aksidionkreimben/Library/Caches/typescript/4.1/node_modules/@types/object-hash/index.d.ts'
[15:33:13.945] Adding entry into typings cache: 'object-keys' => '/Users/aksidionkreimben/Library/Caches/typescript/4.1/node_modules/@types/object-keys/index.d.ts'
[15:33:13.946] Adding entry into typings cache: 'object-path' => '/Users/aksidionkreimben/Library/Caches/typescript/4.1/node_modules/@types/object-path/index.d.ts'
[15:33:13.949] Adding entry into typings cache: 'object.omit' => '/Users/aksidionkreimben/Library/Caches/typescript/4.1/node_modules/@types/object.omit/index.d.ts'
[15:33:13.952] Adding entry into typings cache: 'object.pick' => '/Users/aksidionkreimben/Library/Caches/typescript/4.1/node_modules/@types/object.pick/index.d.ts'
[15:33:13.953] Adding entry into typings cache: 'on-finished' => '/Users/aksidionkreimben/Library/Caches/typescript/4.1/node_modules/@types/on-finished/index.d.ts'
[15:33:13.955] Adding entry into typings cache: 'on-headers' => '/Users/aksidionkreimben/Library/Caches/typescript/4.1/node_modules/@types/on-headers/index.d.ts'
[15:33:13.956] Adding entry into typings cache: 'once' => '/Users/aksidionkreimben/Library/Caches/typescript/4.1/node_modules/@types/once/index.d.ts'
[15:33:13.957] Adding entry into typings cache: 'os-homedir' => '/Users/aksidionkreimben/Library/Caches/typescript/4.1/node_modules/@types/os-homedir/index.d.ts'
[15:33:13.958] Adding entry into typings cache: 'os-tmpdir' => '/Users/aksidionkreimben/Library/Caches/typescript/4.1/node_modules/@types/os-tmpdir/index.d.ts'
[15:33:13.959] Adding entry into typings cache: 'pako' => '/Users/aksidionkreimben/Library/Caches/typescript/4.1/node_modules/@types/pako/index.d.ts'
[15:33:13.961] Adding entry into typings cache: 'parallel-transform' => '/Users/aksidionkreimben/Library/Caches/typescript/4.1/node_modules/@types/parallel-transform/index.d.ts'
[15:33:13.962] Adding entry into typings cache: 'parse-glob' => '/Users/aksidionkreimben/Library/Caches/typescript/4.1/node_modules/@types/parse-glob/index.d.ts'
[15:33:13.965] Adding entry into typings cache: 'parse-json' => '/Users/aksidionkreimben/Library/Caches/typescript/4.1/node_modules/@types/parse-json/index.d.ts'
[15:33:13.967] Adding entry into typings cache: 'parse5' => '/Users/aksidionkreimben/Library/Caches/typescript/4.1/node_modules/@types/parse5/index.d.ts'
[15:33:13.969] Adding entry into typings cache: 'parseurl' => '/Users/aksidionkreimben/Library/Caches/typescript/4.1/node_modules/@types/parseurl/index.d.ts'
[15:33:13.973] Adding entry into typings cache: 'pascalcase' => '/Users/aksidionkreimben/Library/Caches/typescript/4.1/node_modules/@types/pascalcase/index.d.ts'
[15:33:13.975] Adding entry into typings cache: 'path-is-absolute' => '/Users/aksidionkreimben/Library/Caches/typescript/4.1/node_modules/@types/path-is-absolute/index.d.ts'
[15:33:13.977] Adding entry into typings cache: 'path-parse' => '/Users/aksidionkreimben/Library/Caches/typescript/4.1/node_modules/@types/path-parse/index.d.ts'
[15:33:13.978] Adding entry into typings cache: 'pbkdf2' => '/Users/aksidionkreimben/Library/Caches/typescript/4.1/node_modules/@types/pbkdf2/index.d.ts'
[15:33:13.980] Adding entry into typings cache: 'picomatch' => '/Users/aksidionkreimben/Library/Caches/typescript/4.1/node_modules/@types/picomatch/index.d.ts'
[15:33:13.983] Adding entry into typings cache: 'pify' => '/Users/aksidionkreimben/Library/Caches/typescript/4.1/node_modules/@types/pify/index.d.ts'
[15:33:13.984] Adding entry into typings cache: 'platform' => '/Users/aksidionkreimben/Library/Caches/typescript/4.1/node_modules/@types/platform/index.d.ts'
[15:33:13.985] Adding entry into typings cache: 'postcss-import' => '/Users/aksidionkreimben/Library/Caches/typescript/4.1/node_modules/@types/postcss-import/index.d.ts'
[15:33:13.987] Adding entry into typings cache: 'postcss-load-config' => '/Users/aksidionkreimben/Library/Caches/typescript/4.1/node_modules/@types/postcss-load-config/index.d.ts'
[15:33:13.989] Adding entry into typings cache: 'postcss-modules-extract-imports' => '/Users/aksidionkreimben/Library/Caches/typescript/4.1/node_modules/@types/postcss-modules-extract-imports/index.d.ts'
[15:33:13.991] Adding entry into typings cache: 'postcss-modules-local-by-default' => '/Users/aksidionkreimben/Library/Caches/typescript/4.1/node_modules/@types/postcss-modules-local-by-default/index.d.ts'
[15:33:13.992] Adding entry into typings cache: 'postcss-modules-scope' => '/Users/aksidionkreimben/Library/Caches/typescript/4.1/node_modules/@types/postcss-modules-scope/index.d.ts'
[15:33:13.994] Adding entry into typings cache: 'postcss-modules-values' => '/Users/aksidionkreimben/Library/Caches/typescript/4.1/node_modules/@types/postcss-modules-values/index.d.ts'
[15:33:13.995] Adding entry into typings cache: 'postcss-reporter' => '/Users/aksidionkreimben/Library/Caches/typescript/4.1/node_modules/@types/postcss-reporter/index.d.ts'
[15:33:13.998] Adding entry into typings cache: 'postcss-safe-parser' => '/Users/aksidionkreimben/Library/Caches/typescript/4.1/node_modules/@types/postcss-safe-parser/index.d.ts'
[15:33:14.000] Adding entry into typings cache: 'pretty-hrtime' => '/Users/aksidionkreimben/Library/Caches/typescript/4.1/node_modules/@types/pretty-hrtime/index.d.ts'
[15:33:14.001] Adding entry into typings cache: 'promise-inflight' => '/Users/aksidionkreimben/Library/Caches/typescript/4.1/node_modules/@types/promise-inflight/index.d.ts'
[15:33:14.003] Adding entry into typings cache: 'prop-types' => '/Users/aksidionkreimben/Library/Caches/typescript/4.1/node_modules/@types/prop-types/index.d.ts'
[15:33:14.004] Adding entry into typings cache: 'proxy-addr' => '/Users/aksidionkreimben/Library/Caches/typescript/4.1/node_modules/@types/proxy-addr/index.d.ts'
[15:33:14.006] Adding entry into typings cache: 'pump' => '/Users/aksidionkreimben/Library/Caches/typescript/4.1/node_modules/@types/pump/index.d.ts'
[15:33:14.007] Adding entry into typings cache: 'pumpify' => '/Users/aksidionkreimben/Library/Caches/typescript/4.1/node_modules/@types/pumpify/index.d.ts'
[15:33:14.010] Adding entry into typings cache: 'punycode' => '/Users/aksidionkreimben/Library/Caches/typescript/4.1/node_modules/@types/punycode/index.d.ts'
[15:33:14.011] Adding entry into typings cache: 'qs' => '/Users/aksidionkreimben/Library/Caches/typescript/4.1/node_modules/@types/qs/index.d.ts'
[15:33:14.013] Adding entry into typings cache: 'ramda' => '/Users/aksidionkreimben/Library/Caches/typescript/4.1/node_modules/@types/ramda/index.d.ts'
[15:33:14.014] Adding entry into typings cache: 'random-bytes' => '/Users/aksidionkreimben/Library/Caches/typescript/4.1/node_modules/@types/random-bytes/index.d.ts'
[15:33:14.015] Adding entry into typings cache: 'randomatic' => '/Users/aksidionkreimben/Library/Caches/typescript/4.1/node_modules/@types/randomatic/index.d.ts'
[15:33:14.019] Adding entry into typings cache: 'randombytes' => '/Users/aksidionkreimben/Library/Caches/typescript/4.1/node_modules/@types/randombytes/index.d.ts'
[15:33:14.020] Adding entry into typings cache: 'range-parser' => '/Users/aksidionkreimben/Library/Caches/typescript/4.1/node_modules/@types/range-parser/index.d.ts'
[15:33:14.022] Adding entry into typings cache: 'rc' => '/Users/aksidionkreimben/Library/Caches/typescript/4.1/node_modules/@types/rc/index.d.ts'
[15:33:14.023] Adding entry into typings cache: 'react' => '/Users/aksidionkreimben/Library/Caches/typescript/4.1/node_modules/@types/react/index.d.ts'
[15:33:14.024] Adding entry into typings cache: 'react-dom' => '/Users/aksidionkreimben/Library/Caches/typescript/4.1/node_modules/@types/react-dom/index.d.ts'
[15:33:14.026] Adding entry into typings cache: 'react-is' => '/Users/aksidionkreimben/Library/Caches/typescript/4.1/node_modules/@types/react-is/index.d.ts'
[15:33:14.030] Adding entry into typings cache: 'readable-stream' => '/Users/aksidionkreimben/Library/Caches/typescript/4.1/node_modules/@types/readable-stream/index.d.ts'
[15:33:14.032] Adding entry into typings cache: 'regenerator-runtime' => '/Users/aksidionkreimben/Library/Caches/typescript/4.1/node_modules/@types/regenerator-runtime/index.d.ts'
[15:33:14.033] Adding entry into typings cache: 'registry-auth-token' => '/Users/aksidionkreimben/Library/Caches/typescript/4.1/node_modules/@types/registry-auth-token/index.d.ts'
[15:33:14.036] Adding entry into typings cache: 'repeat-element' => '/Users/aksidionkreimben/Library/Caches/typescript/4.1/node_modules/@types/repeat-element/index.d.ts'
[15:33:14.038] Adding entry into typings cache: 'repeat-string' => '/Users/aksidionkreimben/Library/Caches/typescript/4.1/node_modules/@types/repeat-string/index.d.ts'
[15:33:14.039] Adding entry into typings cache: 'repeating' => '/Users/aksidionkreimben/Library/Caches/typescript/4.1/node_modules/@types/repeating/index.d.ts'
[15:33:14.041] Adding entry into typings cache: 'replace-ext' => '/Users/aksidionkreimben/Library/Caches/typescript/4.1/node_modules/@types/replace-ext/index.d.ts'
[15:33:14.042] Adding entry into typings cache: 'require-directory' => '/Users/aksidionkreimben/Library/Caches/typescript/4.1/node_modules/@types/require-directory/index.d.ts'
[15:33:14.045] Adding entry into typings cache: 'resolve' => '/Users/aksidionkreimben/Library/Caches/typescript/4.1/node_modules/@types/resolve/index.d.ts'
[15:33:14.046] Adding entry into typings cache: 'responselike' => '/Users/aksidionkreimben/Library/Caches/typescript/4.1/node_modules/@types/responselike/index.d.ts'
[15:33:14.048] Adding entry into typings cache: 'rimraf' => '/Users/aksidionkreimben/Library/Caches/typescript/4.1/node_modules/@types/rimraf/index.d.ts'
[15:33:14.049] Adding entry into typings cache: 'ripemd160' => '/Users/aksidionkreimben/Library/Caches/typescript/4.1/node_modules/@types/ripemd160/index.d.ts'
[15:33:14.050] Adding entry into typings cache: 'run-parallel' => '/Users/aksidionkreimben/Library/Caches/typescript/4.1/node_modules/@types/run-parallel/index.d.ts'
[15:33:14.054] Adding entry into typings cache: 'safe-regex' => '/Users/aksidionkreimben/Library/Caches/typescript/4.1/node_modules/@types/safe-regex/index.d.ts'
[15:33:14.056] Adding entry into typings cache: 'safer-buffer' => '/Users/aksidionkreimben/Library/Caches/typescript/4.1/node_modules/@types/safer-buffer/index.d.ts'
[15:33:14.057] Adding entry into typings cache: 'sass-loader' => '/Users/aksidionkreimben/Library/Caches/typescript/4.1/node_modules/@types/sass-loader/index.d.ts'
[15:33:14.058] Adding entry into typings cache: 'scheduler' => '/Users/aksidionkreimben/Library/Caches/typescript/4.1/node_modules/@types/scheduler/index.d.ts'
[15:33:14.059] Adding entry into typings cache: 'semver' => '/Users/aksidionkreimben/Library/Caches/typescript/4.1/node_modules/@types/semver/index.d.ts'
[15:33:14.060] Adding entry into typings cache: 'send' => '/Users/aksidionkreimben/Library/Caches/typescript/4.1/node_modules/@types/send/index.d.ts'
[15:33:14.063] Adding entry into typings cache: 'serialize-javascript' => '/Users/aksidionkreimben/Library/Caches/typescript/4.1/node_modules/@types/serialize-javascript/index.d.ts'
[15:33:14.064] Adding entry into typings cache: 'serve-static' => '/Users/aksidionkreimben/Library/Caches/typescript/4.1/node_modules/@types/serve-static/index.d.ts'
[15:33:14.067] Adding entry into typings cache: 'set-value' => '/Users/aksidionkreimben/Library/Caches/typescript/4.1/node_modules/@types/set-value/index.d.ts'
[15:33:14.068] Adding entry into typings cache: 'setimmediate' => '/Users/aksidionkreimben/Library/Caches/typescript/4.1/node_modules/@types/setimmediate/index.d.ts'
[15:33:14.070] Adding entry into typings cache: 'sha.js' => '/Users/aksidionkreimben/Library/Caches/typescript/4.1/node_modules/@types/sha.js/index.d.ts'
[15:33:14.071] Adding entry into typings cache: 'shallowequal' => '/Users/aksidionkreimben/Library/Caches/typescript/4.1/node_modules/@types/shallowequal/index.d.ts'
[15:33:14.073] Adding entry into typings cache: 'sharp' => '/Users/aksidionkreimben/Library/Caches/typescript/4.1/node_modules/@types/sharp/index.d.ts'
[15:33:14.074] Adding entry into typings cache: 'shell-quote' => '/Users/aksidionkreimben/Library/Caches/typescript/4.1/node_modules/@types/shell-quote/index.d.ts'
[15:33:14.075] Adding entry into typings cache: 'signal-exit' => '/Users/aksidionkreimben/Library/Caches/typescript/4.1/node_modules/@types/signal-exit/index.d.ts'
[15:33:14.078] Adding entry into typings cache: 'source-list-map' => '/Users/aksidionkreimben/Library/Caches/typescript/4.1/node_modules/@types/source-list-map/index.d.ts'
[15:33:14.081] Adding entry into typings cache: 'source-map-support' => '/Users/aksidionkreimben/Library/Caches/typescript/4.1/node_modules/@types/source-map-support/index.d.ts'
[15:33:14.082] Adding entry into typings cache: 'sprintf' => '/Users/aksidionkreimben/Library/Caches/typescript/4.1/node_modules/@types/sprintf/index.d.ts'
[15:33:14.084] Adding entry into typings cache: 'sprintf-js' => '/Users/aksidionkreimben/Library/Caches/typescript/4.1/node_modules/@types/sprintf-js/index.d.ts'
[15:33:14.085] Adding entry into typings cache: 'ssri' => '/Users/aksidionkreimben/Library/Caches/typescript/4.1/node_modules/@types/ssri/index.d.ts'
[15:33:14.086] Adding entry into typings cache: 'statuses' => '/Users/aksidionkreimben/Library/Caches/typescript/4.1/node_modules/@types/statuses/index.d.ts'
[15:33:14.088] Adding entry into typings cache: 'stream-each' => '/Users/aksidionkreimben/Library/Caches/typescript/4.1/node_modules/@types/stream-each/index.d.ts'
[15:33:14.089] Adding entry into typings cache: 'stream-shift' => '/Users/aksidionkreimben/Library/Caches/typescript/4.1/node_modules/@types/stream-shift/index.d.ts'
[15:33:14.091] Adding entry into typings cache: 'strict-uri-encode' => '/Users/aksidionkreimben/Library/Caches/typescript/4.1/node_modules/@types/strict-uri-encode/index.d.ts'
[15:33:14.092] Adding entry into typings cache: 'string-hash' => '/Users/aksidionkreimben/Library/Caches/typescript/4.1/node_modules/@types/string-hash/index.d.ts'
[15:33:14.094] Adding entry into typings cache: 'styled-components' => '/Users/aksidionkreimben/Library/Caches/typescript/4.1/node_modules/@types/styled-components/index.d.ts'
[15:33:14.096] Adding entry into typings cache: 'styled-jsx' => '/Users/aksidionkreimben/Library/Caches/typescript/4.1/node_modules/@types/styled-jsx/index.d.ts'
[15:33:14.098] Adding entry into typings cache: 'supports-color' => '/Users/aksidionkreimben/Library/Caches/typescript/4.1/node_modules/@types/supports-color/index.d.ts'
[15:33:14.099] Adding entry into typings cache: 'tapable' => '/Users/aksidionkreimben/Library/Caches/typescript/4.1/node_modules/tapable/tapable.d.ts'
[15:33:14.101] Adding entry into typings cache: 'tar-fs' => '/Users/aksidionkreimben/Library/Caches/typescript/4.1/node_modules/@types/tar-fs/index.d.ts'
[15:33:14.102] Adding entry into typings cache: 'tar-stream' => '/Users/aksidionkreimben/Library/Caches/typescript/4.1/node_modules/@types/tar-stream/index.d.ts'
[15:33:14.104] Adding entry into typings cache: 'terser-webpack-plugin' => '/Users/aksidionkreimben/Library/Caches/typescript/4.1/node_modules/@types/terser-webpack-plugin/index.d.ts'
[15:33:14.106] Adding entry into typings cache: 'theme-ui' => '/Users/aksidionkreimben/Library/Caches/typescript/4.1/node_modules/@types/theme-ui/index.d.ts'
[15:33:14.107] Adding entry into typings cache: 'through2' => '/Users/aksidionkreimben/Library/Caches/typescript/4.1/node_modules/@types/through2/index.d.ts'
[15:33:14.108] Adding entry into typings cache: 'touch' => '/Users/aksidionkreimben/Library/Caches/typescript/4.1/node_modules/@types/touch/index.d.ts'
[15:33:14.109] Adding entry into typings cache: 'traverse' => '/Users/aksidionkreimben/Library/Caches/typescript/4.1/node_modules/@types/traverse/index.d.ts'
[15:33:14.110] Adding entry into typings cache: 'trim' => '/Users/aksidionkreimben/Library/Caches/typescript/4.1/node_modules/@types/trim/index.d.ts'
[15:33:14.111] Adding entry into typings cache: 'tryghost__content-api' => '/Users/aksidionkreimben/Library/Caches/typescript/4.1/node_modules/@types/tryghost__content-api/index.d.ts'
[15:33:14.113] Adding entry into typings cache: 'type-is' => '/Users/aksidionkreimben/Library/Caches/typescript/4.1/node_modules/@types/type-is/index.d.ts'
[15:33:14.114] Adding entry into typings cache: 'uid-safe' => '/Users/aksidionkreimben/Library/Caches/typescript/4.1/node_modules/@types/uid-safe/index.d.ts'
[15:33:14.115] Adding entry into typings cache: 'uniq' => '/Users/aksidionkreimben/Library/Caches/typescript/4.1/node_modules/@types/uniq/index.d.ts'
[15:33:14.116] Adding entry into typings cache: 'universalify' => '/Users/aksidionkreimben/Library/Caches/typescript/4.1/node_modules/@types/universalify/index.d.ts'
[15:33:14.117] Adding entry into typings cache: 'update-notifier' => '/Users/aksidionkreimben/Library/Caches/typescript/4.1/node_modules/@types/update-notifier/index.d.ts'
[15:33:14.119] Adding entry into typings cache: 'urix' => '/Users/aksidionkreimben/Library/Caches/typescript/4.1/node_modules/@types/urix/index.d.ts'
[15:33:14.121] Adding entry into typings cache: 'use-subscription' => '/Users/aksidionkreimben/Library/Caches/typescript/4.1/node_modules/@types/use-subscription/index.d.ts'
[15:33:14.122] Adding entry into typings cache: 'user-home' => '/Users/aksidionkreimben/Library/Caches/typescript/4.1/node_modules/@types/user-home/index.d.ts'
[15:33:14.124] Adding entry into typings cache: 'util-deprecate' => '/Users/aksidionkreimben/Library/Caches/typescript/4.1/node_modules/@types/util-deprecate/index.d.ts'
[15:33:14.125] Adding entry into typings cache: 'utils-merge' => '/Users/aksidionkreimben/Library/Caches/typescript/4.1/node_modules/@types/utils-merge/index.d.ts'
[15:33:14.126] Adding entry into typings cache: 'v8flags' => '/Users/aksidionkreimben/Library/Caches/typescript/4.1/node_modules/@types/v8flags/index.d.ts'
[15:33:14.128] Adding entry into typings cache: 'valid-url' => '/Users/aksidionkreimben/Library/Caches/typescript/4.1/node_modules/@types/valid-url/index.d.ts'
[15:33:14.129] Adding entry into typings cache: 'vary' => '/Users/aksidionkreimben/Library/Caches/typescript/4.1/node_modules/@types/vary/index.d.ts'
[15:33:14.130] Adding entry into typings cache: 'vfile-location' => '/Users/aksidionkreimben/Library/Caches/typescript/4.1/node_modules/@types/vfile-location/index.d.ts'
[15:33:14.134] Adding entry into typings cache: 'watchpack' => '/Users/aksidionkreimben/Library/Caches/typescript/4.1/node_modules/@types/watchpack/index.d.ts'
[15:33:14.135] Adding entry into typings cache: 'webidl-conversions' => '/Users/aksidionkreimben/Library/Caches/typescript/4.1/node_modules/@types/webidl-conversions/index.d.ts'
[15:33:14.137] Adding entry into typings cache: 'webpack' => '/Users/aksidionkreimben/Library/Caches/typescript/4.1/node_modules/webpack/types.d.ts'
[15:33:14.140] Adding entry into typings cache: 'webpack-sources' => '/Users/aksidionkreimben/Library/Caches/typescript/4.1/node_modules/@types/webpack-sources/index.d.ts'
[15:33:14.141] Adding entry into typings cache: 'whatwg-url' => '/Users/aksidionkreimben/Library/Caches/typescript/4.1/node_modules/@types/whatwg-url/index.d.ts'
[15:33:14.143] Adding entry into typings cache: 'which-pm-runs' => '/Users/aksidionkreimben/Library/Caches/typescript/4.1/node_modules/@types/which-pm-runs/index.d.ts'
[15:33:14.144] Adding entry into typings cache: 'wrap-ansi' => '/Users/aksidionkreimben/Library/Caches/typescript/4.1/node_modules/@types/wrap-ansi/index.d.ts'
[15:33:14.146] Adding entry into typings cache: 'write-file-atomic' => '/Users/aksidionkreimben/Library/Caches/typescript/4.1/node_modules/@types/write-file-atomic/index.d.ts'
[15:33:14.147] Adding entry into typings cache: 'xtend' => '/Users/aksidionkreimben/Library/Caches/typescript/4.1/node_modules/@types/xtend/index.d.ts'
[15:33:14.148] Adding entry into typings cache: 'y18n' => '/Users/aksidionkreimben/Library/Caches/typescript/4.1/node_modules/@types/y18n/index.d.ts'
[15:33:14.149] Adding entry into typings cache: 'yallist' => '/Users/aksidionkreimben/Library/Caches/typescript/4.1/node_modules/@types/yallist/index.d.ts'
[15:33:14.150] Adding entry into typings cache: 'yargs' => '/Users/aksidionkreimben/Library/Caches/typescript/4.1/node_modules/@types/yargs/index.d.ts'
[15:33:14.152] Adding entry into typings cache: 'yargs-parser' => '/Users/aksidionkreimben/Library/Caches/typescript/4.1/node_modules/@types/yargs-parser/index.d.ts'
[15:33:14.154] Adding entry into typings cache: 'zen-observable' => '/Users/aksidionkreimben/Library/Caches/typescript/4.1/node_modules/@types/zen-observable/index.d.ts'
[15:33:14.154] Finished processing cache location '/Users/aksidionkreimben/Library/Caches/typescript/4.1'
[15:33:14.154] Process id: 8878
[15:33:14.154] NPM location: /usr/local/Cellar/node/15.14.0/bin/npm (explicit '--npmLocation' not  provided)
[15:33:14.154] validateDefaultNpmLocation: false
[15:33:14.154] Npm config file: /Users/aksidionkreimben/Library/Caches/typescript/4.1/package.json
[15:33:14.154] Updating types-registry npm package...
[15:33:14.155] Exec: /usr/local/Cellar/node/15.14.0/bin/npm install --ignore-scripts types-registry@latest
[15:33:14.168]     Failed. stdout:
    stderr:
    /bin/sh: /usr/local/Cellar/node/15.14.0/bin/npm: No such file or directory
    
[15:33:14.168] Updated types-registry npm package
