Info 0    [03:16:43.324] Starting TS Server
Info 1    [03:16:43.324] Version: 4.4.4
Info 2    [03:16:43.324] Arguments: /usr/bin/node /home/kreimben/.emacs.d/.local/etc/lsp/npm/typescript/bin/tsserver --logFile /home/kreimben/Documents/Repository/MyWebsite/.log/tsserver.log --logVerbosity info --cancellationPipeName /tmp/1f13fb528bcf33e41e8f9357009e0439/tscancellation*
Info 3    [03:16:43.324] Platform: linux NodeVersion: 17 CaseSensitive: true
Info 4    [03:16:43.324] ServerMode: undefined syntaxOnly: false hasUnknownServerMode: undefined
Info 5    [03:16:43.333] Search path: /home/kreimben/Documents/Repository/MyWebsite
Info 6    [03:16:43.334] For info: /home/kreimben/Documents/Repository/MyWebsite/index.ts :: No config files found.
Info 7    [03:16:43.336] Starting updateGraphWorker: Project: /dev/null/inferredProject1*
Info 8    [03:16:43.601] Finishing updateGraphWorker: Project: /dev/null/inferredProject1* Version: 1 structureChanged: true structureIsReused:: Not Elapsed: 264.86825999990106ms
Info 9    [03:16:43.601] Project '/dev/null/inferredProject1*' (Inferred)
Info 10   [03:16:43.601] 	Files (20)

Info 11   [03:16:43.601] -----------------------------------------------
Info 12   [03:19:39.946] Starting updateGraphWorker: Project: /dev/null/inferredProject1*
Info 13   [03:19:39.951] Finishing updateGraphWorker: Project: /dev/null/inferredProject1* Version: 2 structureChanged: false structureIsReused:: Completely Elapsed: 5.072246000170708ms
Info 14   [03:19:39.951] Different program with same set of files
Info 15   [03:19:40.066] Starting updateGraphWorker: Project: /dev/null/inferredProject1*
Info 16   [03:19:40.070] Finishing updateGraphWorker: Project: /dev/null/inferredProject1* Version: 3 structureChanged: false structureIsReused:: Completely Elapsed: 3.4384880010038614ms
Info 17   [03:19:40.070] Different program with same set of files
Info 18   [03:19:40.514] Starting updateGraphWorker: Project: /dev/null/inferredProject1*
Info 19   [03:19:40.519] Finishing updateGraphWorker: Project: /dev/null/inferredProject1* Version: 4 structureChanged: false structureIsReused:: Completely Elapsed: 4.655631000176072ms
Info 20   [03:19:40.519] Different program with same set of files
Info 21   [03:19:40.619] Starting updateGraphWorker: Project: /dev/null/inferredProject1*
Info 22   [03:19:40.623] Finishing updateGraphWorker: Project: /dev/null/inferredProject1* Version: 5 structureChanged: false structureIsReused:: Completely Elapsed: 3.6401470005512238ms
Info 23   [03:19:40.623] Different program with same set of files
Info 24   [03:19:40.709] Starting updateGraphWorker: Project: /dev/null/inferredProject1*
Info 25   [03:19:40.713] Finishing updateGraphWorker: Project: /dev/null/inferredProject1* Version: 6 structureChanged: false structureIsReused:: Completely Elapsed: 3.6162720005959272ms
Info 26   [03:19:40.713] Different program with same set of files
Info 27   [03:19:40.903] getCompletionData: Get current token: 0.013756001368165016
Info 28   [03:19:40.904] getCompletionData: Is inside comment: 0.04057700000703335
Info 29   [03:19:40.904] getCompletionData: Get previous token: 0.05849999934434891
Info 30   [03:19:40.904] getCompletionsAtPosition: isCompletionListBlocker: 0.35023999959230423
Info 31   [03:19:40.910] getExportInfoMap: cache miss or empty; calculating new results
Info 32   [03:19:40.911] getExportInfoMap: done in 0.9043339993804693 ms
Info 33   [03:19:40.912] collectAutoImports: resolved 0 module specifiers, plus 0 ambient and 1 from cache
Info 34   [03:19:40.912] collectAutoImports: response is incomplete
Info 35   [03:19:40.912] collectAutoImports: 0.9456110000610352
Info 36   [03:19:40.912] getCompletionData: Semantic work: 8.015769999474287
Info 37   [03:19:40.930] getCompletionsAtPosition: getCompletionEntriesFromSymbols: 17.724488999694586
Info 38   [03:19:41.780] Starting updateGraphWorker: Project: /dev/null/inferredProject1*
Info 39   [03:19:41.784] Finishing updateGraphWorker: Project: /dev/null/inferredProject1* Version: 7 structureChanged: false structureIsReused:: Completely Elapsed: 4.085464999079704ms
Info 40   [03:19:41.784] Different program with same set of files
Info 41   [03:19:41.784] getCompletionData: Get current token: 0.008354999125003815
Info 42   [03:19:41.784] getCompletionData: Is inside comment: 0.028543999418616295
Info 43   [03:19:41.784] getCompletionData: Get previous token: 0.0469990000128746
Info 44   [03:19:41.784] getCompletionsAtPosition: isCompletionListBlocker: 0.018164001405239105
Info 45   [03:19:41.787] getExportInfoMap: cache hit
Info 46   [03:19:41.787] collectAutoImports: resolved 0 module specifiers, plus 0 ambient and 1 from cache
Info 47   [03:19:41.787] collectAutoImports: response is incomplete
Info 48   [03:19:41.787] collectAutoImports: 0.0953189991414547
Info 49   [03:19:41.787] getCompletionData: Semantic work: 2.5725159998983145
Info 50   [03:19:41.798] getCompletionsAtPosition: getCompletionEntriesFromSymbols: 11.054123999550939
Info 51   [03:19:42.065] Starting updateGraphWorker: Project: /dev/null/inferredProject1*
Info 52   [03:19:42.068] Finishing updateGraphWorker: Project: /dev/null/inferredProject1* Version: 8 structureChanged: false structureIsReused:: Completely Elapsed: 2.9092099983245134ms
Info 53   [03:19:42.068] Different program with same set of files
Info 54   [03:19:42.346] Starting updateGraphWorker: Project: /dev/null/inferredProject1*
Info 55   [03:19:42.350] Finishing updateGraphWorker: Project: /dev/null/inferredProject1* Version: 9 structureChanged: false structureIsReused:: Completely Elapsed: 3.0479409992694855ms
Info 56   [03:19:42.350] Different program with same set of files
Info 57   [03:19:42.399] Starting updateGraphWorker: Project: /dev/null/inferredProject1*
Info 58   [03:19:42.401] Finishing updateGraphWorker: Project: /dev/null/inferredProject1* Version: 10 structureChanged: false structureIsReused:: Completely Elapsed: 1.6879999991506338ms
Info 59   [03:19:42.401] Different program with same set of files
Info 60   [03:19:42.490] Starting updateGraphWorker: Project: /dev/null/inferredProject1*
Info 61   [03:19:42.493] Finishing updateGraphWorker: Project: /dev/null/inferredProject1* Version: 11 structureChanged: false structureIsReused:: Completely Elapsed: 2.142696000635624ms
Info 62   [03:19:42.493] Different program with same set of files
Info 63   [03:19:42.664] Starting updateGraphWorker: Project: /dev/null/inferredProject1*
Info 64   [03:19:42.666] Finishing updateGraphWorker: Project: /dev/null/inferredProject1* Version: 12 structureChanged: false structureIsReused:: Completely Elapsed: 1.6200719997286797ms
Info 65   [03:19:42.666] Different program with same set of files
Info 66   [03:19:42.777] Starting updateGraphWorker: Project: /dev/null/inferredProject1*
Info 67   [03:19:42.778] Finishing updateGraphWorker: Project: /dev/null/inferredProject1* Version: 13 structureChanged: false structureIsReused:: Completely Elapsed: 1.7527409996837378ms
Info 68   [03:19:42.779] Different program with same set of files
Info 69   [03:19:42.899] Starting updateGraphWorker: Project: /dev/null/inferredProject1*
Info 70   [03:19:42.901] Finishing updateGraphWorker: Project: /dev/null/inferredProject1* Version: 14 structureChanged: false structureIsReused:: Completely Elapsed: 1.6106639988720417ms
Info 71   [03:19:42.901] Different program with same set of files
Info 72   [03:19:43.040] Starting updateGraphWorker: Project: /dev/null/inferredProject1*
Info 73   [03:19:43.043] Finishing updateGraphWorker: Project: /dev/null/inferredProject1* Version: 15 structureChanged: false structureIsReused:: Completely Elapsed: 2.976367000490427ms
Info 74   [03:19:43.043] Different program with same set of files
Info 75   [03:19:43.233] getCompletionData: Get current token: 0.007584000006318092
Info 76   [03:19:43.233] getCompletionData: Is inside comment: 0.03351300023496151
Info 77   [03:19:43.233] getCompletionData: Get previous token: 0.028643999248743057
Info 78   [03:19:43.233] getCompletionsAtPosition: isCompletionListBlocker: 0.00390700064599514
Info 79   [03:19:43.238] getCompletionData: Semantic work: 4.419716000556946
Info 80   [03:19:43.265] getCompletionsAtPosition: getCompletionEntriesFromSymbols: 26.250461000949144
Info 81   [03:19:43.990] Starting updateGraphWorker: Project: /dev/null/inferredProject1*
Info 82   [03:19:43.993] Finishing updateGraphWorker: Project: /dev/null/inferredProject1* Version: 16 structureChanged: false structureIsReused:: Completely Elapsed: 2.69752199947834ms
Info 83   [03:19:43.993] Different program with same set of files
Info 84   [03:19:44.950] Starting updateGraphWorker: Project: /dev/null/inferredProject1*
Info 85   [03:19:44.953] Finishing updateGraphWorker: Project: /dev/null/inferredProject1* Version: 17 structureChanged: false structureIsReused:: Completely Elapsed: 2.7648790013045073ms
Info 86   [03:19:44.953] Different program with same set of files
Info 87   [03:19:45.612] Starting updateGraphWorker: Project: /dev/null/inferredProject1*
Info 88   [03:19:45.615] Finishing updateGraphWorker: Project: /dev/null/inferredProject1* Version: 18 structureChanged: false structureIsReused:: Completely Elapsed: 2.7236110009253025ms
Info 89   [03:19:45.615] Different program with same set of files
Info 90   [03:19:46.178] Starting updateGraphWorker: Project: /dev/null/inferredProject1*
Info 91   [03:19:46.181] Finishing updateGraphWorker: Project: /dev/null/inferredProject1* Version: 19 structureChanged: false structureIsReused:: Completely Elapsed: 3.1555139999836683ms
Info 92   [03:19:46.181] Different program with same set of files
Info 93   [03:19:46.193] Starting updateGraphWorker: Project: /dev/null/inferredProject1*
Info 94   [03:19:46.195] Finishing updateGraphWorker: Project: /dev/null/inferredProject1* Version: 20 structureChanged: false structureIsReused:: Completely Elapsed: 1.286803999915719ms
Info 95   [03:19:46.195] Different program with same set of files
Info 96   [03:19:47.397] Starting updateGraphWorker: Project: /dev/null/inferredProject1*
Info 97   [03:19:47.400] Finishing updateGraphWorker: Project: /dev/null/inferredProject1* Version: 21 structureChanged: false structureIsReused:: Completely Elapsed: 2.6860289983451366ms
Info 98   [03:19:47.400] Different program with same set of files
Info 99   [03:19:47.853] Starting updateGraphWorker: Project: /dev/null/inferredProject1*
Info 100  [03:19:47.856] Finishing updateGraphWorker: Project: /dev/null/inferredProject1* Version: 22 structureChanged: false structureIsReused:: Completely Elapsed: 2.512474000453949ms
Info 101  [03:19:47.856] Different program with same set of files
Info 102  [03:19:47.997] Starting updateGraphWorker: Project: /dev/null/inferredProject1*
Info 103  [03:19:48.000] Finishing updateGraphWorker: Project: /dev/null/inferredProject1* Version: 23 structureChanged: false structureIsReused:: Completely Elapsed: 2.2260429989546537ms
Info 104  [03:19:48.000] Different program with same set of files
Info 105  [03:19:48.143] Starting updateGraphWorker: Project: /dev/null/inferredProject1*
Info 106  [03:19:48.145] Finishing updateGraphWorker: Project: /dev/null/inferredProject1* Version: 24 structureChanged: false structureIsReused:: Completely Elapsed: 2.0011599995195866ms
Info 107  [03:19:48.145] Different program with same set of files
Info 108  [03:19:48.292] Starting updateGraphWorker: Project: /dev/null/inferredProject1*
Info 109  [03:19:48.294] Finishing updateGraphWorker: Project: /dev/null/inferredProject1* Version: 25 structureChanged: false structureIsReused:: Completely Elapsed: 2.0048459991812706ms
Info 110  [03:19:48.294] Different program with same set of files
Info 111  [03:19:48.439] Starting updateGraphWorker: Project: /dev/null/inferredProject1*
Info 112  [03:19:48.441] Finishing updateGraphWorker: Project: /dev/null/inferredProject1* Version: 26 structureChanged: false structureIsReused:: Completely Elapsed: 1.974829999729991ms
Info 113  [03:19:48.441] Different program with same set of files
Info 114  [03:19:48.585] Starting updateGraphWorker: Project: /dev/null/inferredProject1*
Info 115  [03:19:48.587] Finishing updateGraphWorker: Project: /dev/null/inferredProject1* Version: 27 structureChanged: false structureIsReused:: Completely Elapsed: 1.9570259992033243ms
Info 116  [03:19:48.587] Different program with same set of files
Info 117  [03:19:49.832] Starting updateGraphWorker: Project: /dev/null/inferredProject1*
Info 118  [03:19:49.835] Finishing updateGraphWorker: Project: /dev/null/inferredProject1* Version: 28 structureChanged: false structureIsReused:: Completely Elapsed: 2.530937999486923ms
Info 119  [03:19:49.835] Different program with same set of files
Info 120  [03:19:49.909] Starting updateGraphWorker: Project: /dev/null/inferredProject1*
Info 121  [03:19:49.912] Finishing updateGraphWorker: Project: /dev/null/inferredProject1* Version: 29 structureChanged: false structureIsReused:: Completely Elapsed: 2.7239520009607077ms
Info 122  [03:19:49.912] Different program with same set of files
Info 123  [03:19:50.016] Starting updateGraphWorker: Project: /dev/null/inferredProject1*
Info 124  [03:19:50.018] Finishing updateGraphWorker: Project: /dev/null/inferredProject1* Version: 30 structureChanged: false structureIsReused:: Completely Elapsed: 2.0715319998562336ms
Info 125  [03:19:50.018] Different program with same set of files
Info 126  [03:19:50.077] Starting updateGraphWorker: Project: /dev/null/inferredProject1*
Info 127  [03:19:50.079] Finishing updateGraphWorker: Project: /dev/null/inferredProject1* Version: 31 structureChanged: false structureIsReused:: Completely Elapsed: 2.005408998578787ms
Info 128  [03:19:50.079] Different program with same set of files
Info 129  [03:19:50.262] Starting updateGraphWorker: Project: /dev/null/inferredProject1*
Info 130  [03:19:50.264] Finishing updateGraphWorker: Project: /dev/null/inferredProject1* Version: 32 structureChanged: false structureIsReused:: Completely Elapsed: 1.989537999033928ms
Info 131  [03:19:50.264] Different program with same set of files
Info 132  [03:19:50.349] Starting updateGraphWorker: Project: /dev/null/inferredProject1*
Info 133  [03:19:50.350] Finishing updateGraphWorker: Project: /dev/null/inferredProject1* Version: 33 structureChanged: false structureIsReused:: Completely Elapsed: 1.4027920011430979ms
Info 134  [03:19:50.350] Different program with same set of files
Info 135  [03:19:50.445] Starting updateGraphWorker: Project: /dev/null/inferredProject1*
Info 136  [03:19:50.447] Finishing updateGraphWorker: Project: /dev/null/inferredProject1* Version: 34 structureChanged: false structureIsReused:: Completely Elapsed: 1.9112299997359514ms
Info 137  [03:19:50.447] Different program with same set of files
Info 138  [03:19:50.509] Starting updateGraphWorker: Project: /dev/null/inferredProject1*
Info 139  [03:19:50.512] Finishing updateGraphWorker: Project: /dev/null/inferredProject1* Version: 35 structureChanged: false structureIsReused:: Completely Elapsed: 2.3828090000897646ms
Info 140  [03:19:50.512] Different program with same set of files
Info 141  [03:19:50.703] getCompletionData: Get current token: 0.00715399906039238
Info 142  [03:19:50.703] getCompletionData: Is inside comment: 0.028364000841975212
Info 143  [03:19:50.703] getCompletionData: Get previous token: 0.04364200122654438
Info 144  [03:19:50.703] getCompletionsAtPosition: isCompletionListBlocker: 0.022413000464439392
Info 145  [03:19:50.705] getExportInfoMap: cache hit
Info 146  [03:19:50.706] collectAutoImports: resolved 0 module specifiers, plus 0 ambient and 0 from cache
Info 147  [03:19:50.706] collectAutoImports: response is complete
Info 148  [03:19:50.706] collectAutoImports: 0.14376099966466427
Info 149  [03:19:50.706] getCompletionData: Semantic work: 2.677343999966979
Info 150  [03:19:50.714] getCompletionsAtPosition: getCompletionEntriesFromSymbols: 8.787032999098301
Info 151  [03:19:51.029] Starting updateGraphWorker: Project: /dev/null/inferredProject1*
Info 152  [03:19:51.031] Finishing updateGraphWorker: Project: /dev/null/inferredProject1* Version: 36 structureChanged: false structureIsReused:: Completely Elapsed: 2.091439999639988ms
Info 153  [03:19:51.031] Different program with same set of files
Info 154  [03:19:51.031] getCompletionData: Get current token: 0.005400000140070915
Info 155  [03:19:51.032] getCompletionData: Is inside comment: 0.028363998979330063
Info 156  [03:19:51.032] getCompletionData: Get previous token: 0.021069999784231186
Info 157  [03:19:51.032] getCompletionsAtPosition: isCompletionListBlocker: 0.003767000511288643
Info 158  [03:19:51.033] getCompletionData: Semantic work: 1.3467660006135702
Info 159  [03:19:51.035] getCompletionsAtPosition: getCompletionEntriesFromSymbols: 2.1435580011457205
Info 160  [03:19:51.633] Starting updateGraphWorker: Project: /dev/null/inferredProject1*
Info 161  [03:19:51.636] Finishing updateGraphWorker: Project: /dev/null/inferredProject1* Version: 37 structureChanged: false structureIsReused:: Completely Elapsed: 2.4337249994277954ms
Info 162  [03:19:51.636] Different program with same set of files
Info 163  [03:19:51.965] Starting updateGraphWorker: Project: /dev/null/inferredProject1*
Info 164  [03:19:51.967] Finishing updateGraphWorker: Project: /dev/null/inferredProject1* Version: 38 structureChanged: false structureIsReused:: Completely Elapsed: 2.2442489992827177ms
Info 165  [03:19:51.968] Different program with same set of files
Info 166  [03:19:53.401] Starting updateGraphWorker: Project: /dev/null/inferredProject1*
Info 167  [03:19:53.404] Finishing updateGraphWorker: Project: /dev/null/inferredProject1* Version: 39 structureChanged: false structureIsReused:: Completely Elapsed: 2.6549120005220175ms
Info 168  [03:19:53.404] Different program with same set of files
Info 169  [03:19:54.399] Starting updateGraphWorker: Project: /dev/null/inferredProject1*
Info 170  [03:19:54.401] Finishing updateGraphWorker: Project: /dev/null/inferredProject1* Version: 40 structureChanged: false structureIsReused:: Completely Elapsed: 2.0536980014294386ms
Info 171  [03:19:54.401] Different program with same set of files
Info 172  [03:19:55.809] Starting updateGraphWorker: Project: /dev/null/inferredProject1*
Info 173  [03:19:55.812] Finishing updateGraphWorker: Project: /dev/null/inferredProject1* Version: 41 structureChanged: false structureIsReused:: Completely Elapsed: 2.150061000138521ms
Info 174  [03:19:55.812] Different program with same set of files
Info 175  [03:19:56.984] Starting updateGraphWorker: Project: /dev/null/inferredProject1*
Info 176  [03:19:56.987] Finishing updateGraphWorker: Project: /dev/null/inferredProject1* Version: 42 structureChanged: false structureIsReused:: Completely Elapsed: 3.202454000711441ms
Info 177  [03:19:56.988] Different program with same set of files
Info 178  [03:19:56.988] getCompletionData: Get current token: 0.041148001328110695
Info 179  [03:19:56.988] getCompletionData: Is inside comment: 0.014166999608278275
Info 180  [03:19:56.988] getCompletionData: Get previous token: 0.07913899980485439
Info 181  [03:19:56.988] getCompletionsAtPosition: isCompletionListBlocker: 0.005309998989105225
Info 182  [03:19:56.991] getCompletionData: Semantic work: 2.359814999625087
Info 183  [03:19:57.005] getCompletionData: Get current token: 0.021409999579191208
Info 184  [03:19:57.005] getCompletionData: Is inside comment: 0.10545800067484379
Info 185  [03:19:57.005] getCompletionData: Get previous token: 0.059262000024318695
Info 186  [03:19:57.005] getCompletionsAtPosition: isCompletionListBlocker: 0.004227999597787857
Info 187  [03:19:57.006] getCompletionData: Semantic work: 0.9396000001579523
Info 188  [03:19:57.844] Starting updateGraphWorker: Project: /dev/null/inferredProject1*
Info 189  [03:19:57.846] Finishing updateGraphWorker: Project: /dev/null/inferredProject1* Version: 43 structureChanged: false structureIsReused:: Completely Elapsed: 2.003533998504281ms
Info 190  [03:19:57.846] Different program with same set of files
Info 191  [03:19:57.888] Starting updateGraphWorker: Project: /dev/null/inferredProject1*
Info 192  [03:19:57.889] Finishing updateGraphWorker: Project: /dev/null/inferredProject1* Version: 44 structureChanged: false structureIsReused:: Completely Elapsed: 1.7563489992171526ms
Info 193  [03:19:57.889] Different program with same set of files
Info 194  [03:19:58.767] Starting updateGraphWorker: Project: /dev/null/inferredProject1*
Info 195  [03:19:58.769] Finishing updateGraphWorker: Project: /dev/null/inferredProject1* Version: 45 structureChanged: false structureIsReused:: Completely Elapsed: 1.932660998776555ms
Info 196  [03:19:58.769] Different program with same set of files
Info 197  [03:19:58.895] Starting updateGraphWorker: Project: /dev/null/inferredProject1*
Info 198  [03:19:58.897] Finishing updateGraphWorker: Project: /dev/null/inferredProject1* Version: 46 structureChanged: false structureIsReused:: Completely Elapsed: 2.0635669995099306ms
Info 199  [03:19:58.897] Different program with same set of files
Info 200  [03:19:59.013] Starting updateGraphWorker: Project: /dev/null/inferredProject1*
Info 201  [03:19:59.015] Finishing updateGraphWorker: Project: /dev/null/inferredProject1* Version: 47 structureChanged: false structureIsReused:: Completely Elapsed: 1.7657159995287657ms
Info 202  [03:19:59.015] Different program with same set of files
Info 203  [03:19:59.935] Starting updateGraphWorker: Project: /dev/null/inferredProject1*
Info 204  [03:19:59.937] Finishing updateGraphWorker: Project: /dev/null/inferredProject1* Version: 48 structureChanged: false structureIsReused:: Completely Elapsed: 2.1413529999554157ms
Info 205  [03:19:59.938] Different program with same set of files
Info 206  [03:20:01.431] Starting updateGraphWorker: Project: /dev/null/inferredProject1*
Info 207  [03:20:01.433] Finishing updateGraphWorker: Project: /dev/null/inferredProject1* Version: 49 structureChanged: false structureIsReused:: Completely Elapsed: 2.140471998602152ms
Info 208  [03:20:01.433] Different program with same set of files
Info 209  [03:20:01.505] Starting updateGraphWorker: Project: /dev/null/inferredProject1*
Info 210  [03:20:01.506] Finishing updateGraphWorker: Project: /dev/null/inferredProject1* Version: 50 structureChanged: false structureIsReused:: Completely Elapsed: 1.285971999168396ms
Info 211  [03:20:01.506] Different program with same set of files
Info 212  [03:20:01.577] Starting updateGraphWorker: Project: /dev/null/inferredProject1*
Info 213  [03:20:01.578] Finishing updateGraphWorker: Project: /dev/null/inferredProject1* Version: 51 structureChanged: false structureIsReused:: Completely Elapsed: 1.124218000099063ms
Info 214  [03:20:01.578] Different program with same set of files
Info 215  [03:20:01.780] getCompletionData: Get current token: 0.0037779994308948517
Info 216  [03:20:01.780] getCompletionData: Is inside comment: 0.0021339990198612213
Info 217  [03:20:01.780] getCompletionData: Get previous token: 0.023885000497102737
Info 218  [03:20:01.780] getCompletionsAtPosition: isCompletionListBlocker: 0.01064000092446804
Info 219  [03:20:01.781] getExportInfoMap: cache hit
Info 220  [03:20:01.782] collectAutoImports: resolved 0 module specifiers, plus 0 ambient and 0 from cache
Info 221  [03:20:01.782] collectAutoImports: response is complete
Info 222  [03:20:01.782] collectAutoImports: 0.038332000374794006
Info 223  [03:20:01.782] getCompletionData: Semantic work: 1.4862289987504482
Info 224  [03:20:01.786] getCompletionsAtPosition: getCompletionEntriesFromSymbols: 4.3970329985022545
Info 225  [03:20:01.856] Starting updateGraphWorker: Project: /dev/null/inferredProject1*
Info 226  [03:20:01.858] Finishing updateGraphWorker: Project: /dev/null/inferredProject1* Version: 52 structureChanged: false structureIsReused:: Completely Elapsed: 2.257633000612259ms
Info 227  [03:20:01.858] Different program with same set of files
Info 228  [03:20:01.858] getCompletionData: Get current token: 0.00740399956703186
Info 229  [03:20:01.859] getCompletionData: Is inside comment: 0.0039969999343156815
Info 230  [03:20:01.859] getCompletionData: Get previous token: 0.053960999473929405
Info 231  [03:20:01.859] getCompletionsAtPosition: isCompletionListBlocker: 0.02100900001823902
Info 232  [03:20:01.861] getExportInfoMap: cache hit
Info 233  [03:20:01.861] collectAutoImports: resolved 0 module specifiers, plus 0 ambient and 0 from cache
Info 234  [03:20:01.861] collectAutoImports: response is complete
Info 235  [03:20:01.861] collectAutoImports: 0.08069200068712234
Info 236  [03:20:01.861] getCompletionData: Semantic work: 2.2891009990125895
Info 237  [03:20:01.870] getCompletionsAtPosition: getCompletionEntriesFromSymbols: 8.511733999475837
Info 238  [03:20:02.076] Starting updateGraphWorker: Project: /dev/null/inferredProject1*
Info 239  [03:20:02.078] Finishing updateGraphWorker: Project: /dev/null/inferredProject1* Version: 53 structureChanged: false structureIsReused:: Completely Elapsed: 1.4549209997057915ms
Info 240  [03:20:02.078] Different program with same set of files
Info 241  [03:20:02.237] Starting updateGraphWorker: Project: /dev/null/inferredProject1*
Info 242  [03:20:02.240] Finishing updateGraphWorker: Project: /dev/null/inferredProject1* Version: 54 structureChanged: false structureIsReused:: Completely Elapsed: 2.410461001098156ms
Info 243  [03:20:02.240] Different program with same set of files
Info 244  [03:20:02.326] Starting updateGraphWorker: Project: /dev/null/inferredProject1*
Info 245  [03:20:02.327] Finishing updateGraphWorker: Project: /dev/null/inferredProject1* Version: 55 structureChanged: false structureIsReused:: Completely Elapsed: 1.360673001036048ms
Info 246  [03:20:02.327] Different program with same set of files
Info 247  [03:20:02.414] Starting updateGraphWorker: Project: /dev/null/inferredProject1*
Info 248  [03:20:02.416] Finishing updateGraphWorker: Project: /dev/null/inferredProject1* Version: 56 structureChanged: false structureIsReused:: Completely Elapsed: 1.6092109996825457ms
Info 249  [03:20:02.416] Different program with same set of files
Info 250  [03:20:02.426] Starting updateGraphWorker: Project: /dev/null/inferredProject1*
Info 251  [03:20:02.427] Finishing updateGraphWorker: Project: /dev/null/inferredProject1* Version: 57 structureChanged: false structureIsReused:: Completely Elapsed: 0.9136300012469292ms
Info 252  [03:20:02.427] Different program with same set of files
Info 253  [03:20:02.428] Starting updateGraphWorker: Project: /dev/null/inferredProject1*
Info 254  [03:20:02.429] Finishing updateGraphWorker: Project: /dev/null/inferredProject1* Version: 58 structureChanged: false structureIsReused:: Completely Elapsed: 0.8777729999274015ms
Info 255  [03:20:02.429] Different program with same set of files
Info 256  [03:20:02.535] Starting updateGraphWorker: Project: /dev/null/inferredProject1*
Info 257  [03:20:02.536] Finishing updateGraphWorker: Project: /dev/null/inferredProject1* Version: 59 structureChanged: false structureIsReused:: Completely Elapsed: 1.0483650006353855ms
Info 258  [03:20:02.536] Different program with same set of files
Info 259  [03:20:02.727] getCompletionData: Get current token: 0.004238000139594078
Info 260  [03:20:02.727] getCompletionData: Is inside comment: 0.0021340008825063705
Info 261  [03:20:02.727] getCompletionData: Get previous token: 0.02168000116944313
Info 262  [03:20:02.727] getCompletionsAtPosition: isCompletionListBlocker: 0.013574998825788498
Info 263  [03:20:02.729] getExportInfoMap: cache hit
Info 264  [03:20:02.729] collectAutoImports: resolved 0 module specifiers, plus 0 ambient and 0 from cache
Info 265  [03:20:02.729] collectAutoImports: response is complete
Info 266  [03:20:02.729] collectAutoImports: 0.0784280002117157
Info 267  [03:20:02.729] getCompletionData: Semantic work: 1.9318589996546507
Info 268  [03:20:02.741] getCompletionsAtPosition: getCompletionEntriesFromSymbols: 11.385065998882055
Info 269  [03:20:02.890] Starting updateGraphWorker: Project: /dev/null/inferredProject1*
Info 270  [03:20:02.892] Finishing updateGraphWorker: Project: /dev/null/inferredProject1* Version: 60 structureChanged: false structureIsReused:: Completely Elapsed: 1.5231199990957975ms
Info 271  [03:20:02.892] Different program with same set of files
Info 272  [03:20:03.016] Starting updateGraphWorker: Project: /dev/null/inferredProject1*
Info 273  [03:20:03.017] Finishing updateGraphWorker: Project: /dev/null/inferredProject1* Version: 61 structureChanged: false structureIsReused:: Completely Elapsed: 1.4450819995254278ms
Info 274  [03:20:03.017] Different program with same set of files
Info 275  [03:20:03.156] Starting updateGraphWorker: Project: /dev/null/inferredProject1*
Info 276  [03:20:03.158] Finishing updateGraphWorker: Project: /dev/null/inferredProject1* Version: 62 structureChanged: false structureIsReused:: Completely Elapsed: 1.6335879992693663ms
Info 277  [03:20:03.158] Different program with same set of files
Info 278  [03:20:03.298] Starting updateGraphWorker: Project: /dev/null/inferredProject1*
Info 279  [03:20:03.299] Finishing updateGraphWorker: Project: /dev/null/inferredProject1* Version: 63 structureChanged: false structureIsReused:: Completely Elapsed: 1.0902539994567633ms
Info 280  [03:20:03.299] Different program with same set of files
Info 281  [03:20:03.434] Starting updateGraphWorker: Project: /dev/null/inferredProject1*
Info 282  [03:20:03.436] Finishing updateGraphWorker: Project: /dev/null/inferredProject1* Version: 64 structureChanged: false structureIsReused:: Completely Elapsed: 1.9266699999570847ms
Info 283  [03:20:03.436] Different program with same set of files
Info 284  [03:20:03.733] Starting updateGraphWorker: Project: /dev/null/inferredProject1*
Info 285  [03:20:03.735] Finishing updateGraphWorker: Project: /dev/null/inferredProject1* Version: 65 structureChanged: false structureIsReused:: Completely Elapsed: 1.5508110001683235ms
Info 286  [03:20:03.735] Different program with same set of files
Info 287  [03:20:03.886] Starting updateGraphWorker: Project: /dev/null/inferredProject1*
Info 288  [03:20:03.888] Finishing updateGraphWorker: Project: /dev/null/inferredProject1* Version: 66 structureChanged: false structureIsReused:: Completely Elapsed: 1.8113010004162788ms
Info 289  [03:20:03.888] Different program with same set of files
Info 290  [03:20:03.973] Starting updateGraphWorker: Project: /dev/null/inferredProject1*
Info 291  [03:20:03.974] Finishing updateGraphWorker: Project: /dev/null/inferredProject1* Version: 67 structureChanged: false structureIsReused:: Completely Elapsed: 1.0943420007824898ms
Info 292  [03:20:03.974] Different program with same set of files
Info 293  [03:20:04.033] Starting updateGraphWorker: Project: /dev/null/inferredProject1*
Info 294  [03:20:04.035] Finishing updateGraphWorker: Project: /dev/null/inferredProject1* Version: 68 structureChanged: false structureIsReused:: Completely Elapsed: 1.7661870010197163ms
Info 295  [03:20:04.035] Different program with same set of files
Info 296  [03:20:04.117] Starting updateGraphWorker: Project: /dev/null/inferredProject1*
Info 297  [03:20:04.120] Finishing updateGraphWorker: Project: /dev/null/inferredProject1* Version: 69 structureChanged: false structureIsReused:: Completely Elapsed: 2.5882750004529953ms
Info 298  [03:20:04.120] Different program with same set of files
Info 299  [03:20:04.195] Starting updateGraphWorker: Project: /dev/null/inferredProject1*
Info 300  [03:20:04.197] Finishing updateGraphWorker: Project: /dev/null/inferredProject1* Version: 70 structureChanged: false structureIsReused:: Completely Elapsed: 2.0949959997087717ms
Info 301  [03:20:04.197] Different program with same set of files
Info 302  [03:20:04.277] Starting updateGraphWorker: Project: /dev/null/inferredProject1*
Info 303  [03:20:04.279] Finishing updateGraphWorker: Project: /dev/null/inferredProject1* Version: 71 structureChanged: false structureIsReused:: Completely Elapsed: 1.6732219997793436ms
Info 304  [03:20:04.279] Different program with same set of files
Info 305  [03:20:04.459] Starting updateGraphWorker: Project: /dev/null/inferredProject1*
Info 306  [03:20:04.460] Finishing updateGraphWorker: Project: /dev/null/inferredProject1* Version: 72 structureChanged: false structureIsReused:: Completely Elapsed: 1.7075370009988546ms
Info 307  [03:20:04.460] Different program with same set of files
Info 308  [03:20:04.575] Starting updateGraphWorker: Project: /dev/null/inferredProject1*
Info 309  [03:20:04.577] Finishing updateGraphWorker: Project: /dev/null/inferredProject1* Version: 73 structureChanged: false structureIsReused:: Completely Elapsed: 1.8740100003778934ms
Info 310  [03:20:04.577] Different program with same set of files
Info 311  [03:20:04.697] Starting updateGraphWorker: Project: /dev/null/inferredProject1*
Info 312  [03:20:04.699] Finishing updateGraphWorker: Project: /dev/null/inferredProject1* Version: 74 structureChanged: false structureIsReused:: Completely Elapsed: 2.0835060011595488ms
Info 313  [03:20:04.699] Different program with same set of files
Info 314  [03:20:04.885] getCompletionData: Get current token: 0.008045000955462456
Info 315  [03:20:04.885] getCompletionData: Is inside comment: 0.0033360011875629425
Info 316  [03:20:04.885] getCompletionData: Get previous token: 0.041568001732230186
Info 317  [03:20:04.885] getCompletionsAtPosition: isCompletionListBlocker: 0.00306599959731102
Info 318  [03:20:04.885] Returning an empty list because completion was requested in an invalid position.
Info 319  [03:20:04.891] getCompletionData: Get current token: 0.008365999907255173
Info 320  [03:20:04.891] getCompletionData: Is inside comment: 0.0038780011236667633
Info 321  [03:20:04.891] getCompletionData: Get previous token: 0.04931199923157692
Info 322  [03:20:04.891] getCompletionsAtPosition: isCompletionListBlocker: 0.0028050001710653305
Info 323  [03:20:04.891] Returning an empty list because completion was requested in an invalid position.
Info 324  [03:20:04.913] getCompletionData: Get current token: 0.008004998788237572
Info 325  [03:20:04.913] getCompletionData: Is inside comment: 0.0036570001393556595
Info 326  [03:20:04.913] getCompletionData: Get previous token: 0.052369000390172005
Info 327  [03:20:04.913] getCompletionsAtPosition: isCompletionListBlocker: 0.002535000443458557
Info 328  [03:20:04.913] Returning an empty list because completion was requested in an invalid position.
Info 329  [03:20:04.935] getCompletionData: Get current token: 0.00646200031042099
Info 330  [03:20:04.935] getCompletionData: Is inside comment: 0.0033470001071691513
Info 331  [03:20:04.935] getCompletionData: Get previous token: 0.03769100084900856
Info 332  [03:20:04.935] getCompletionsAtPosition: isCompletionListBlocker: 0.0026860013604164124
Info 333  [03:20:04.935] Returning an empty list because completion was requested in an invalid position.
Info 334  [03:20:05.139] Starting updateGraphWorker: Project: /dev/null/inferredProject1*
Info 335  [03:20:05.141] Finishing updateGraphWorker: Project: /dev/null/inferredProject1* Version: 75 structureChanged: false structureIsReused:: Completely Elapsed: 1.7106520012021065ms
Info 336  [03:20:05.141] Different program with same set of files
Info 337  [03:20:05.210] Starting updateGraphWorker: Project: /dev/null/inferredProject1*
Info 338  [03:20:05.211] Finishing updateGraphWorker: Project: /dev/null/inferredProject1* Version: 76 structureChanged: false structureIsReused:: Completely Elapsed: 1.519241999834776ms
Info 339  [03:20:05.211] Different program with same set of files
Info 340  [03:20:05.307] Starting updateGraphWorker: Project: /dev/null/inferredProject1*
Info 341  [03:20:05.308] Finishing updateGraphWorker: Project: /dev/null/inferredProject1* Version: 77 structureChanged: false structureIsReused:: Completely Elapsed: 1.1653259992599487ms
Info 342  [03:20:05.308] Different program with same set of files
Info 343  [03:20:08.764] Starting updateGraphWorker: Project: /dev/null/inferredProject1*
Info 344  [03:20:08.766] Finishing updateGraphWorker: Project: /dev/null/inferredProject1* Version: 78 structureChanged: false structureIsReused:: Completely Elapsed: 1.7550870012491941ms
Info 345  [03:20:08.766] Different program with same set of files
Info 346  [03:20:09.361] Starting updateGraphWorker: Project: /dev/null/inferredProject1*
Info 347  [03:20:09.363] Finishing updateGraphWorker: Project: /dev/null/inferredProject1* Version: 79 structureChanged: false structureIsReused:: Completely Elapsed: 1.7111539989709854ms
Info 348  [03:20:09.363] Different program with same set of files
Info 349  [03:20:09.430] Starting updateGraphWorker: Project: /dev/null/inferredProject1*
Info 350  [03:20:09.431] Finishing updateGraphWorker: Project: /dev/null/inferredProject1* Version: 80 structureChanged: false structureIsReused:: Completely Elapsed: 1.1641230005770922ms
Info 351  [03:20:09.431] Different program with same set of files
Info 352  [03:20:09.555] Starting updateGraphWorker: Project: /dev/null/inferredProject1*
Info 353  [03:20:09.556] Finishing updateGraphWorker: Project: /dev/null/inferredProject1* Version: 81 structureChanged: false structureIsReused:: Completely Elapsed: 1.4726740010082722ms
Info 354  [03:20:09.556] Different program with same set of files
Info 355  [03:20:09.691] Starting updateGraphWorker: Project: /dev/null/inferredProject1*
Info 356  [03:20:09.693] Finishing updateGraphWorker: Project: /dev/null/inferredProject1* Version: 82 structureChanged: false structureIsReused:: Completely Elapsed: 1.811251999810338ms
Info 357  [03:20:09.693] Different program with same set of files
Info 358  [03:20:09.884] getCompletionData: Get current token: 0.0046090018004179
Info 359  [03:20:09.884] getCompletionData: Is inside comment: 0.06297900155186653
Info 360  [03:20:09.884] getCompletionData: Get previous token: 0.019967999309301376
Info 361  [03:20:09.884] getCompletionsAtPosition: isCompletionListBlocker: 0.004397999495267868
Info 362  [03:20:09.885] getCompletionData: Semantic work: 0.4952929988503456
Info 363  [03:20:09.886] getCompletionsAtPosition: getCompletionEntriesFromSymbols: 0.8533169999718666
Info 364  [03:20:10.305] Starting updateGraphWorker: Project: /dev/null/inferredProject1*
Info 365  [03:20:10.307] Finishing updateGraphWorker: Project: /dev/null/inferredProject1* Version: 83 structureChanged: false structureIsReused:: Completely Elapsed: 2.1755880005657673ms
Info 366  [03:20:10.307] Different program with same set of files
Info 367  [03:20:10.628] Starting updateGraphWorker: Project: /dev/null/inferredProject1*
Info 368  [03:20:10.630] Finishing updateGraphWorker: Project: /dev/null/inferredProject1* Version: 84 structureChanged: false structureIsReused:: Completely Elapsed: 1.7892310004681349ms
Info 369  [03:20:10.630] Different program with same set of files
Info 370  [03:20:11.146] Starting updateGraphWorker: Project: /dev/null/inferredProject1*
Info 371  [03:20:11.147] Finishing updateGraphWorker: Project: /dev/null/inferredProject1* Version: 85 structureChanged: false structureIsReused:: Completely Elapsed: 1.7595850005745888ms
Info 372  [03:20:11.148] Different program with same set of files
Info 373  [03:20:11.266] Starting updateGraphWorker: Project: /dev/null/inferredProject1*
Info 374  [03:20:11.268] Finishing updateGraphWorker: Project: /dev/null/inferredProject1* Version: 86 structureChanged: false structureIsReused:: Completely Elapsed: 1.8635409995913506ms
Info 375  [03:20:11.268] Different program with same set of files
Info 376  [03:20:11.417] Starting updateGraphWorker: Project: /dev/null/inferredProject1*
Info 377  [03:20:11.418] Finishing updateGraphWorker: Project: /dev/null/inferredProject1* Version: 87 structureChanged: false structureIsReused:: Completely Elapsed: 1.1837510000914335ms
Info 378  [03:20:11.418] Different program with same set of files
Info 379  [03:20:11.483] Starting updateGraphWorker: Project: /dev/null/inferredProject1*
Info 380  [03:20:11.485] Finishing updateGraphWorker: Project: /dev/null/inferredProject1* Version: 88 structureChanged: false structureIsReused:: Completely Elapsed: 1.799270000308752ms
Info 381  [03:20:11.485] Different program with same set of files
Info 382  [03:20:12.034] Starting updateGraphWorker: Project: /dev/null/inferredProject1*
Info 383  [03:20:12.036] Finishing updateGraphWorker: Project: /dev/null/inferredProject1* Version: 89 structureChanged: false structureIsReused:: Completely Elapsed: 1.519251000136137ms
Info 384  [03:20:12.036] Different program with same set of files
Info 385  [03:20:12.338] Starting updateGraphWorker: Project: /dev/null/inferredProject1*
Info 386  [03:20:12.339] Finishing updateGraphWorker: Project: /dev/null/inferredProject1* Version: 90 structureChanged: false structureIsReused:: Completely Elapsed: 1.2792600002139807ms
Info 387  [03:20:12.339] Different program with same set of files
Info 388  [03:20:12.565] Starting updateGraphWorker: Project: /dev/null/inferredProject1*
Info 389  [03:20:12.567] Finishing updateGraphWorker: Project: /dev/null/inferredProject1* Version: 91 structureChanged: false structureIsReused:: Completely Elapsed: 1.6314339991658926ms
Info 390  [03:20:12.567] Different program with same set of files
Info 391  [03:20:12.685] Starting updateGraphWorker: Project: /dev/null/inferredProject1*
Info 392  [03:20:12.687] Finishing updateGraphWorker: Project: /dev/null/inferredProject1* Version: 92 structureChanged: false structureIsReused:: Completely Elapsed: 1.275713000446558ms
Info 393  [03:20:12.687] Different program with same set of files
Info 394  [03:20:12.817] Starting updateGraphWorker: Project: /dev/null/inferredProject1*
Info 395  [03:20:12.818] Finishing updateGraphWorker: Project: /dev/null/inferredProject1* Version: 93 structureChanged: false structureIsReused:: Completely Elapsed: 1.1057930011302233ms
Info 396  [03:20:12.818] Different program with same set of files
Info 397  [03:20:12.852] Starting updateGraphWorker: Project: /dev/null/inferredProject1*
Info 398  [03:20:12.854] Finishing updateGraphWorker: Project: /dev/null/inferredProject1* Version: 94 structureChanged: false structureIsReused:: Completely Elapsed: 1.6922570001333952ms
Info 399  [03:20:12.854] Different program with same set of files
Info 400  [03:20:13.125] Starting updateGraphWorker: Project: /dev/null/inferredProject1*
Info 401  [03:20:13.129] Finishing updateGraphWorker: Project: /dev/null/inferredProject1* Version: 95 structureChanged: false structureIsReused:: Completely Elapsed: 3.5131570007652044ms
Info 402  [03:20:13.129] Different program with same set of files
Info 403  [03:20:13.514] Starting updateGraphWorker: Project: /dev/null/inferredProject1*
Info 404  [03:20:13.516] Finishing updateGraphWorker: Project: /dev/null/inferredProject1* Version: 96 structureChanged: false structureIsReused:: Completely Elapsed: 2.3249089997261763ms
Info 405  [03:20:13.516] Different program with same set of files
Info 406  [03:20:15.377] Starting updateGraphWorker: Project: /dev/null/inferredProject1*
Info 407  [03:20:15.380] Finishing updateGraphWorker: Project: /dev/null/inferredProject1* Version: 97 structureChanged: false structureIsReused:: Completely Elapsed: 2.8144319988787174ms
Info 408  [03:20:15.380] Different program with same set of files
Info 409  [03:20:17.148] Starting updateGraphWorker: Project: /dev/null/inferredProject1*
Info 410  [03:20:17.151] Finishing updateGraphWorker: Project: /dev/null/inferredProject1* Version: 98 structureChanged: false structureIsReused:: Completely Elapsed: 2.584648000076413ms
Info 411  [03:20:17.151] Different program with same set of files
Info 412  [03:20:17.245] Starting updateGraphWorker: Project: /dev/null/inferredProject1*
Info 413  [03:20:17.247] Finishing updateGraphWorker: Project: /dev/null/inferredProject1* Version: 99 structureChanged: false structureIsReused:: Completely Elapsed: 2.0276899989694357ms
Info 414  [03:20:17.247] Different program with same set of files
Info 415  [03:20:17.608] Starting updateGraphWorker: Project: /dev/null/inferredProject1*
Info 416  [03:20:17.612] Finishing updateGraphWorker: Project: /dev/null/inferredProject1* Version: 100 structureChanged: false structureIsReused:: Completely Elapsed: 3.1745699997991323ms
Info 417  [03:20:17.612] Different program with same set of files
Info 418  [03:20:19.236] Starting updateGraphWorker: Project: /dev/null/inferredProject1*
Info 419  [03:20:19.239] Finishing updateGraphWorker: Project: /dev/null/inferredProject1* Version: 101 structureChanged: false structureIsReused:: Completely Elapsed: 2.664038999006152ms
Info 420  [03:20:19.239] Different program with same set of files
Info 421  [03:20:19.355] Starting updateGraphWorker: Project: /dev/null/inferredProject1*
Info 422  [03:20:19.357] Finishing updateGraphWorker: Project: /dev/null/inferredProject1* Version: 102 structureChanged: false structureIsReused:: Completely Elapsed: 1.8916229996830225ms
Info 423  [03:20:19.357] Different program with same set of files
Info 424  [03:20:19.483] Starting updateGraphWorker: Project: /dev/null/inferredProject1*
Info 425  [03:20:19.485] Finishing updateGraphWorker: Project: /dev/null/inferredProject1* Version: 103 structureChanged: false structureIsReused:: Completely Elapsed: 1.9969020001590252ms
Info 426  [03:20:19.485] Different program with same set of files
Info 427  [03:20:19.604] Starting updateGraphWorker: Project: /dev/null/inferredProject1*
Info 428  [03:20:19.606] Finishing updateGraphWorker: Project: /dev/null/inferredProject1* Version: 104 structureChanged: false structureIsReused:: Completely Elapsed: 1.5561519991606474ms
Info 429  [03:20:19.606] Different program with same set of files
Info 430  [03:20:19.769] Starting updateGraphWorker: Project: /dev/null/inferredProject1*
Info 431  [03:20:19.770] Finishing updateGraphWorker: Project: /dev/null/inferredProject1* Version: 105 structureChanged: false structureIsReused:: Completely Elapsed: 1.7397980000823736ms
Info 432  [03:20:19.771] Different program with same set of files
Info 433  [03:20:20.405] Starting updateGraphWorker: Project: /dev/null/inferredProject1*
Info 434  [03:20:20.407] Finishing updateGraphWorker: Project: /dev/null/inferredProject1* Version: 106 structureChanged: false structureIsReused:: Completely Elapsed: 2.21573399938643ms
Info 435  [03:20:20.407] Different program with same set of files
Info 436  [03:20:20.644] Starting updateGraphWorker: Project: /dev/null/inferredProject1*
Info 437  [03:20:20.647] Finishing updateGraphWorker: Project: /dev/null/inferredProject1* Version: 107 structureChanged: false structureIsReused:: Completely Elapsed: 2.4184460006654263ms
Info 438  [03:20:20.647] Different program with same set of files
Info 439  [03:20:21.286] Starting updateGraphWorker: Project: /dev/null/inferredProject1*
Info 440  [03:20:21.288] Finishing updateGraphWorker: Project: /dev/null/inferredProject1* Version: 108 structureChanged: false structureIsReused:: Completely Elapsed: 1.6808559987694025ms
Info 441  [03:20:21.288] Different program with same set of files
Info 442  [03:20:21.528] Starting updateGraphWorker: Project: /dev/null/inferredProject1*
Info 443  [03:20:21.530] Finishing updateGraphWorker: Project: /dev/null/inferredProject1* Version: 109 structureChanged: false structureIsReused:: Completely Elapsed: 1.1490449998527765ms
Info 444  [03:20:21.530] Different program with same set of files
Info 445  [03:20:21.622] Starting updateGraphWorker: Project: /dev/null/inferredProject1*
Info 446  [03:20:21.623] Finishing updateGraphWorker: Project: /dev/null/inferredProject1* Version: 110 structureChanged: false structureIsReused:: Completely Elapsed: 1.0402499996125698ms
Info 447  [03:20:21.623] Different program with same set of files
Info 448  [03:20:21.685] Starting updateGraphWorker: Project: /dev/null/inferredProject1*
Info 449  [03:20:21.686] Finishing updateGraphWorker: Project: /dev/null/inferredProject1* Version: 111 structureChanged: false structureIsReused:: Completely Elapsed: 0.9511019997298717ms
Info 450  [03:20:21.686] Different program with same set of files
Info 451  [03:20:21.784] Starting updateGraphWorker: Project: /dev/null/inferredProject1*
Info 452  [03:20:21.786] Finishing updateGraphWorker: Project: /dev/null/inferredProject1* Version: 112 structureChanged: false structureIsReused:: Completely Elapsed: 1.8436530008912086ms
Info 453  [03:20:21.786] Different program with same set of files
Info 454  [03:20:21.863] Starting updateGraphWorker: Project: /dev/null/inferredProject1*
Info 455  [03:20:21.864] Finishing updateGraphWorker: Project: /dev/null/inferredProject1* Version: 113 structureChanged: false structureIsReused:: Completely Elapsed: 1.0235089994966984ms
Info 456  [03:20:21.864] Different program with same set of files
Info 457  [03:20:22.192] Starting updateGraphWorker: Project: /dev/null/inferredProject1*
Info 458  [03:20:22.193] Finishing updateGraphWorker: Project: /dev/null/inferredProject1* Version: 114 structureChanged: false structureIsReused:: Completely Elapsed: 1.1585530005395412ms
Info 459  [03:20:22.193] Different program with same set of files
Info 460  [03:20:22.803] Starting updateGraphWorker: Project: /dev/null/inferredProject1*
Info 461  [03:20:22.805] Finishing updateGraphWorker: Project: /dev/null/inferredProject1* Version: 115 structureChanged: false structureIsReused:: Completely Elapsed: 1.3614939991384745ms
Info 462  [03:20:22.805] Different program with same set of files
Info 463  [03:20:23.000] Starting updateGraphWorker: Project: /dev/null/inferredProject1*
Info 464  [03:20:23.001] Finishing updateGraphWorker: Project: /dev/null/inferredProject1* Version: 116 structureChanged: false structureIsReused:: Completely Elapsed: 1.1074769999831915ms
Info 465  [03:20:23.001] Different program with same set of files
Info 466  [03:20:23.631] Starting updateGraphWorker: Project: /dev/null/inferredProject1*
Info 467  [03:20:23.634] Finishing updateGraphWorker: Project: /dev/null/inferredProject1* Version: 117 structureChanged: false structureIsReused:: Completely Elapsed: 2.41682199947536ms
Info 468  [03:20:23.634] Different program with same set of files
Info 469  [03:20:23.944] Starting updateGraphWorker: Project: /dev/null/inferredProject1*
Info 470  [03:20:23.946] Finishing updateGraphWorker: Project: /dev/null/inferredProject1* Version: 118 structureChanged: false structureIsReused:: Completely Elapsed: 1.5877009984105825ms
Info 471  [03:20:23.946] Different program with same set of files
Info 472  [03:20:26.295] Starting updateGraphWorker: Project: /dev/null/inferredProject1*
Info 473  [03:20:26.298] Finishing updateGraphWorker: Project: /dev/null/inferredProject1* Version: 119 structureChanged: false structureIsReused:: Completely Elapsed: 2.212399000301957ms
Info 474  [03:20:26.298] Different program with same set of files
Info 475  [03:20:27.983] Starting updateGraphWorker: Project: /dev/null/inferredProject1*
Info 476  [03:20:27.984] Finishing updateGraphWorker: Project: /dev/null/inferredProject1* Version: 120 structureChanged: false structureIsReused:: Completely Elapsed: 1.6096519995480776ms
Info 477  [03:20:27.984] Different program with same set of files
Info 478  [03:20:30.022] Starting updateGraphWorker: Project: /dev/null/inferredProject1*
Info 479  [03:20:30.024] Finishing updateGraphWorker: Project: /dev/null/inferredProject1* Version: 121 structureChanged: false structureIsReused:: Completely Elapsed: 1.7669089995324612ms
Info 480  [03:20:30.024] Different program with same set of files
Info 481  [03:20:30.207] Starting updateGraphWorker: Project: /dev/null/inferredProject1*
Info 482  [03:20:30.209] Finishing updateGraphWorker: Project: /dev/null/inferredProject1* Version: 122 structureChanged: false structureIsReused:: Completely Elapsed: 1.8215709999203682ms
Info 483  [03:20:30.209] Different program with same set of files
Info 484  [03:20:52.902] Starting updateGraphWorker: Project: /dev/null/inferredProject1*
Info 485  [03:20:52.905] Finishing updateGraphWorker: Project: /dev/null/inferredProject1* Version: 123 structureChanged: false structureIsReused:: Completely Elapsed: 3.4063060004264116ms
Info 486  [03:20:52.905] Different program with same set of files
Info 487  [03:20:53.491] Starting updateGraphWorker: Project: /dev/null/inferredProject1*
Info 488  [03:20:53.494] Finishing updateGraphWorker: Project: /dev/null/inferredProject1* Version: 124 structureChanged: false structureIsReused:: Completely Elapsed: 3.0697620008140802ms
Info 489  [03:20:53.494] Different program with same set of files
Info 490  [03:20:54.932] Starting updateGraphWorker: Project: /dev/null/inferredProject1*
Info 491  [03:20:54.935] Finishing updateGraphWorker: Project: /dev/null/inferredProject1* Version: 125 structureChanged: false structureIsReused:: Completely Elapsed: 2.770778998732567ms
Info 492  [03:20:54.935] Different program with same set of files
Info 493  [03:20:55.072] Starting updateGraphWorker: Project: /dev/null/inferredProject1*
Info 494  [03:20:55.074] Finishing updateGraphWorker: Project: /dev/null/inferredProject1* Version: 126 structureChanged: false structureIsReused:: Completely Elapsed: 1.8987769987434149ms
Info 495  [03:20:55.074] Different program with same set of files
Info 496  [03:22:45.243] Starting updateGraphWorker: Project: /dev/null/inferredProject1*
Info 497  [03:22:45.245] Finishing updateGraphWorker: Project: /dev/null/inferredProject1* Version: 127 structureChanged: false structureIsReused:: Completely Elapsed: 2.3067459985613823ms
Info 498  [03:22:45.245] Different program with same set of files
Info 499  [03:22:46.384] Starting updateGraphWorker: Project: /dev/null/inferredProject1*
Info 500  [03:22:46.386] Finishing updateGraphWorker: Project: /dev/null/inferredProject1* Version: 128 structureChanged: false structureIsReused:: Completely Elapsed: 2.112829999998212ms
Info 501  [03:22:46.386] Different program with same set of files
Info 502  [03:22:46.575] getCompletionData: Get current token: 0.014466999098658562
Info 503  [03:22:46.575] getCompletionData: Is inside comment: 0.007193000987172127
Info 504  [03:22:46.575] getCompletionData: Get previous token: 0.07585300132632256
Info 505  [03:22:46.576] getCompletionsAtPosition: isCompletionListBlocker: 0.2606819998472929
Info 506  [03:22:46.577] getCompletionData: Semantic work: 1.1598649993538857
Info 507  [03:22:46.581] getCompletionsAtPosition: getCompletionEntriesFromSymbols: 4.025553999468684
Info 508  [03:22:46.866] Starting updateGraphWorker: Project: /dev/null/inferredProject1*
Info 509  [03:22:46.869] Finishing updateGraphWorker: Project: /dev/null/inferredProject1* Version: 129 structureChanged: false structureIsReused:: Completely Elapsed: 2.7852979991585016ms
Info 510  [03:22:46.869] Different program with same set of files
Info 511  [03:22:51.451] Starting updateGraphWorker: Project: /dev/null/inferredProject1*
Info 512  [03:22:51.453] Finishing updateGraphWorker: Project: /dev/null/inferredProject1* Version: 130 structureChanged: false structureIsReused:: Completely Elapsed: 1.9989660009741783ms
Info 513  [03:22:51.453] Different program with same set of files
